190
5104 10
61992 89429 26058 78500 15796 37333 88839 83748 75484 64858 
1473 10
43090 164 65158 66349 85313 80686 38021 90268 27947 86794 
1472 10
22086 66969 13357 11128 20496 26735 53503 92997 26367 55709 
4755 10
77049 26278 29933 49419 85190 33801 24113 23697 18564 91902 
5107 10
26124 16207 99782 91670 89436 71935 42282 90546 25261 74495 
9752 10
27133 97353 51247 3775 5944 43989 27738 55576 19038 7306 
8965 10
91862 16050 99886 13636 20994 22790 81920 9911 7337 3308 
1345 10
52360 31986 88362 82341 91428 59885 42322 94509 23559 51800 
5081 10
50315 48644 42347 89527 65323 34266 88016 57421 33825 14886 
5099 10
80317 56308 54441 47295 89562 73635 67432 96252 4252 59263 
9753 10
89041 97870 61271 52630 14807 25606 65193 35472 96919 19957 
1337 10
40083 40479 97214 3771 92650 4037 24026 85978 52654 95636 
1477 10
83228 23814 88028 30077 82227 51894 86310 32372 2477 71393 
8960 10
84994 9055 24661 87698 26710 90950 9 95139 54370 57042 
1332 10
51458 50977 87423 82194 82265 45514 17754 25872 82628 1607 
5066 10
41334 74745 85868 39982 11518 26643 85684 50190 46436 60460 
5120 10
62092 33512 45975 82536 82968 57947 21103 11032 68472 84069 
5124 10
26439 26777 25039 46886 10102 52848 78839 25704 3780 56260 
5130 10
57033 93318 67275 23941 72818 76183 82635 62704 12998 39287 
5132 10
99999 42857 60610 25338 75137 94147 83558 94564 70823 44345 
5140 10
93771 67680 61638 32566 25582 89833 32829 99029 20394 17198 
1319 10
20108 94206 94324 97102 82124 50442 88495 16460 87614 72210 
5145 10
65461 78372 41943 57401 95527 42786 16951 1828 39978 40254 
8951 10
42317 14094 39877 6716 9708 20901 84563 65174 41158 76806 
1508 10
19562 47208 19426 24102 96432 8568 91455 95112 84090 42613 
9018 10
32502 48069 13295 1354 48467 41022 99142 26880 8775 82529 
9724 10
72055 9593 52416 18668 24199 52985 90703 50861 89926 43882 
4867 10
64578 80755 4428 88891 53427 22178 24092 97677 14264 27853 
4879 10
13667 71432 63877 84293 78312 99775 81409 79345 78303 138 
4880 10
59731 83343 19691 8290 83741 92822 34186 44543 4146 74408 
4884 10
77238 55045 38460 97829 26790 12499 65210 3080 55133 9434 
9729 10
67106 46723 6259 51893 78062 36552 5126 63154 34780 90372 
1489 10
16618 84676 96446 18780 68669 10960 6539 98757 40236 89091 
4627 10
56179 91070 43516 68943 24657 9367 38601 79127 24111 44423 
1512 10
50707 54592 98363 93422 37252 25467 82870 23022 52779 84574 
4641 10
5616 45553 80228 45136 45687 91093 84080 22167 97160 3338 
5184 10
52462 81290 84137 86390 7958 20590 64904 16570 50275 49202 
4668 10
42358 94177 95511 10329 36152 7474 49842 97836 61570 49225 
4672 10
40419 5439 40694 78489 74424 56913 31459 90682 80072 95282 
4684 10
82189 25207 41616 57563 14547 75207 46343 85546 58392 63262 
4692 10
73086 82065 94976 55004 99451 98615 95390 94045 23617 63598 
1491 10
26376 64376 46948 40610 89224 32804 72736 36866 40304 52258 
4905 10
41379 42684 92519 2151 61212 63689 7324 62829 64552 41084 
4700 10
37656 28501 60673 47159 118 28180 5700 42046 53230 38472 
4710 10
78330 85880 2898 67135 43311 79156 6909 34288 80858 6924 
4722 10
9010 50130 75410 6079 96195 77239 10575 61988 43697 37045 
4724 10
84899 70830 45997 30970 89948 93002 88888 61668 27207 10120 
4734 10
68397 3103 14261 49293 85568 11459 57495 75841 68983 96572 
794 10
74291 19230 26937 19564 94453 81411 19740 14396 9991 64596 
6300 10
53075 33797 20581 18769 14149 99698 1132 259 88790 89511 
6304 10
54560 59592 93872 32668 83289 38989 57874 46221 20481 20028 
6305 10
5499 17629 4087 67797 56202 59609 64820 2996 18495 72021 
8721 10
82854 479 28857 62649 64879 15305 15498 24330 44757 41068 
9868 10
79361 15035 13146 3232 91849 7951 74398 33650 54093 13721 
6311 10
27773 7148 46479 38003 84545 64873 25522 31774 71354 32713 
6326 10
45275 32467 50965 12045 79260 17284 45467 99724 29073 50585 
6343 10
84505 94160 46864 73964 73914 13754 96975 1179 53687 34845 
6282 10
23541 72477 13233 57365 56053 49759 62929 7664 53411 36544 
6354 10
19251 50935 55895 47096 39560 12015 33613 27628 41848 50915 
797 10
39452 60036 82991 9020 97509 69510 3901 62661 19789 48403 
6296 10
48150 47945 42951 79344 73956 11356 56396 79210 42534 47645 
793 10
32085 35245 33971 31436 82334 73436 7241 38964 56558 19685 
791 10
96927 15091 30392 20611 46734 67455 38850 62948 10627 88556 
785 10
56219 14059 51310 34109 73925 83141 27149 13049 34787 52066 
6386 10
11094 19711 2109 49757 67054 59511 71764 17594 22813 9874 
6388 10
25759 33785 14052 57679 70658 78503 27325 21305 35798 6068 
9876 10
82041 57244 54404 38918 22230 49465 71364 48488 85230 753 
844 10
9119 4588 13961 79558 29942 85208 77939 137 92603 29892 
6191 10
41304 34560 60750 60014 89568 8483 48611 84908 55509 44352 
6196 10
43207 91079 44530 20989 37236 27731 30080 29026 93482 25940 
6229 10
76302 75827 28422 81657 24198 14751 61540 8106 10817 17584 
8734 10
49319 85619 23616 88905 86430 52536 26254 5728 763 83454 
8981 10
73258 36381 15079 52999 53912 87611 11981 89217 68881 92873 
5005 10
25432 7087 57464 83929 41558 7658 93910 28599 64039 39688 
1406 10
18059 46065 74221 98931 90730 43125 50245 48761 18820 41090 
4943 10
50755 38013 12584 43417 82716 25236 22344 63712 69710 87883 
1398 10
71515 68616 71375 53546 99371 76576 19404 75665 62751 103 
4953 10
35799 67874 19361 32134 34441 55370 850 94086 29864 28393 
4974 9
35468 84667 29267 28466 39384 52418 95654 7630 69581 
4978 10
51489 24214 35466 58444 21658 85205 2393 6300 58309 23642 
4992 10
22018 4692 49182 58756 69309 70388 77293 81090 84397 93923 
4997 10
63467 4987 98271 88226 22847 14898 36902 28903 56004 37486 
5003 10
17526 31104 25332 83186 64002 29901 80586 22741 97303 76284 
5686 10
86265 21711 21496 52100 33504 78863 19768 88281 93856 15744 
1434 10
10192 67173 57828 88559 66369 46926 28963 61226 75062 30652 
9746 10
39742 89158 24710 11494 13654 24520 68439 28693 73589 19290 
5037 10
50488 98209 33357 94088 85819 57049 21942 51738 14221 76941 
8977 10
43328 12943 45346 8352 10076 65705 53051 57923 15729 35909 
5039 10
61261 37338 18220 22483 51015 51336 24007 6641 98258 20277 
5041 9
44984 95216 33533 76299 82098 6344 76255 89798 77644 
5046 9
97764 80051 86743 81624 97091 77798 88296 25308 73295 
5062 9
58918 47053 19182 19534 66731 53033 15438 71260 54585 
1352 10
33381 1598 74571 10891 66945 72680 56787 53141 10730 88807 
8715 10
6515 37207 56455 49514 35523 99282 48680 16746 92398 88316 
6289 10
24167 11857 93353 25275 67445 9609 80833 37646 757 63421 
5289 10
47566 24795 62287 54067 66836 37565 74067 88023 52704 56230 
1286 10
13734 42207 95531 7345 96233 50196 1507 69011 42370 47537 
5225 10
54578 10024 886 62467 81316 75114 15133 14657 31607 93881 
5226 10
52468 53523 81726 4140 75304 69939 4393 7428 76633 41608 
5231 10
61535 90980 38409 97909 24124 15254 95549 84444 28790 30225 
5257 10
6331 59086 9679 44525 4400 68180 30979 20359 79330 84566 
1271 10
28773 35685 39846 73484 13665 91230 23113 37721 23550 58716 
9786 10
24764 12193 32062 50059 85499 35432 63265 54031 25449 86123 
5265 10
87710 89175 68284 78472 69990 48776 28968 62576 77151 23263 
1264 10
15615 73285 60659 56328 18382 33575 4850 86417 11212 99490 
9770 10
83635 60469 40027 37193 83895 97430 12640 34882 84219 47114 
5278 10
62624 6210 16309 39314 11583 43681 76569 73924 73553 85523 
1291 9
67122 88 45993 69732 86493 46431 25530 85411 37438 
5298 10
66413 28556 86133 45992 32351 84553 80114 27618 81110 98850 
5306 9
24968 39121 8506 97451 13851 93841 88009 83 18399 
1249 10
87288 43004 81969 60004 14370 24923 13016 70255 10207 76800 
5312 10
26994 5170 36550 72729 88170 84015 72626 92297 60264 96436 
5616 10
5202 40986 9568 63050 75437 94408 83210 81337 11907 48716 
1128 10
6916 76111 8463 34586 89118 43196 85307 26616 58500 47021 
1126 9
69967 61337 48643 5615 38746 901 69678 66996 20983 
5567 10
61189 33589 2455 14236 52408 87345 8112 3668 23884 39579 
5582 10
46074 19790 43071 99170 3960 40151 62665 76124 58726 22810 
1121 10
45325 36509 13140 87634 95734 23836 62904 28521 87413 84764 
5584 10
64606 18627 30933 61506 20196 88657 85926 26519 29637 52602 
5388 10
2510 31625 29262 22454 56049 48235 16596 47577 68884 6239 
1243 10
34869 95145 30294 53716 45667 13218 97141 81991 8279 11720 
5317 10
64764 63086 22543 76391 82990 3624 8016 15637 64468 77394 
5321 10
43115 47769 16748 57305 29741 98558 41430 72665 30320 29339 
5326 10
41622 48683 85869 98038 48600 70086 13108 6996 5444 50417 
5333 10
34539 70725 73657 35445 22559 33909 79968 84970 65404 39407 
1231 10
24078 67879 84602 69045 93993 90934 62763 46637 95083 50913 
5355 9
70343 20823 54827 6853 81779 89849 54332 32073 39771 
5363 10
63099 92844 29280 90379 90173 39184 75503 38425 14563 62759 
5375 10
77236 85931 36742 93957 45291 17446 62983 66440 13374 88229 
5384 10
88270 4407 22206 33436 89449 27108 86961 95070 14597 46098 
8927 10
95160 68159 10032 40811 88313 25615 94812 33460 74755 54439 
5597 10
73291 30181 34387 69423 43458 956 67835 53485 85702 2633 
1208 10
58729 93048 8643 33345 42053 13442 90719 65113 65994 67791 
8904 10
36969 32230 28337 97374 85253 13733 57260 93961 55378 38301 
5405 9
30086 18415 52991 77257 29074 23004 59687 69271 58490 
1199 10
95950 48704 61067 66200 88899 43851 30739 16872 37953 77891 
5428 10
78831 48999 33447 16953 59888 42477 95431 57184 34366 7591 
5432 8
6706 84768 31596 60370 50624 62423 91412 98963 
5451 10
24619 97843 43091 96027 11394 84604 84441 98744 66624 79931 
5458 9
21729 22777 98 75330 80526 4456 54394 76266 98801 
5259 10
25896 33030 4080 12236 13333 13277 58182 21322 27505 50399 
1300 10
85680 42464 45733 11468 23604 71545 24048 37145 74317 85053 
5211 10
49657 6047 37813 64568 20445 30544 79160 21598 72367 92849 
1468 10
54279 82582 34715 61095 57976 89902 61953 80456 99868 10708 
5188 10
87841 94998 11293 779 69738 60141 93010 96604 87970 69593 
5527 10
49504 98028 43895 95721 17161 23624 3336 59760 97159 23139 
8872 10
86629 81690 10304 84739 42559 1970 94929 90487 10717 98611 
1150 10
90088 57430 64445 71202 31581 19937 91096 44950 23183 89228 
1146 10
62584 89363 61032 68468 31259 74944 12669 19738 10566 12211 
5545 10
44168 78978 50728 90134 96531 40587 1458 73872 53786 79351 
5549 10
41130 38254 18510 99555 58699 55683 64664 33727 70503 84979 
5553 9
47365 24749 18280 10446 22177 39426 48245 50940 16784 
5556 10
42166 19200 3847 73010 72243 84770 97982 17756 24121 49761 
5559 10
5284 93451 69600 65621 44643 99689 50270 1441 43761 40087 
1436 10
5145 23877 61802 32549 957 47912 98677 3209 9923 67474 
5518 10
96274 3768 9698 53113 65759 39802 22482 33826 31128 59737 
4761 9
74731 86021 6003 74803 24468 27402 5762 51827 62949 
4777 10
62050 11882 70272 24721 37052 27309 46843 45831 19662 69599 
4786 10
74193 81623 74453 56206 80798 68901 14991 67476 30000 6763 
4807 10
86516 23050 26933 33879 58409 45907 82663 7346 94077 95117 
1445 10
79477 80407 91354 76334 80730 77844 98099 26697 18135 75740 
4812 10
2904 74962 51367 83739 82362 84612 79687 21590 8586 39557 
4815 10
30672 87293 14781 85234 71596 96146 28273 9372 508 76221 
4816 10
8687 14119 84901 92260 57713 15957 652 94026 48382 37601 
9723 10
74966 51186 78511 85706 87258 51030 53933 3612 84292 29538 
4756 10
40880 84394 40473 35047 12766 96390 7485 77917 21581 77620 
4822 10
2870 82017 53932 35841 65517 79628 13726 50414 12044 61574 
1081 10
1631 12063 2153 60934 59747 95883 19411 1003 32509 52792 
5602 10
17113 87235 43815 2343 54896 4331 74294 23012 6018 52315 
5606 10
72170 19310 79732 83094 18297 23315 36735 93538 33880 38931 
1109 10
29735 70282 78813 65141 25962 74628 83089 14698 61713 38329 
5563 10
10673 16714 12937 9747 52895 25173 31562 48103 84918 37263 
5622 10
94549 20247 48219 82225 25511 81230 63607 98366 41045 74648 
1102 10
65592 34513 102 68199 99827 22815 24549 75798 61617 14312 
5629 8
83836 4909 4221 21830 5536 15209 96565 3019 
5634 10
32468 50298 60989 99710 63947 43723 61670 95198 83678 13400 
1097 10
74675 41182 19570 36934 17246 38974 67248 84461 76006 62296 
1089 10
81466 96911 50872 7888 61844 95031 35424 59298 53020 44319 
5659 10
9670 732 38184 90870 15089 30775 65543 45959 2210 46292 
1211 10
10490 42074 36580 36079 56167 26705 16166 77324 74391 99818 
1080 10
95298 2260 7929 25950 85465 71320 70652 82490 79608 3042 
9787 10
4320 22920 9694 89953 10729 10500 7021 5200 2616 15218 
5470 10
26972 34120 74068 86674 78333 74187 4388 32926 16261 13236 
5477 10
91709 91238 78542 8631 80268 3757 8172 42408 10685 93139 
8880 10
91995 34663 44925 19890 72568 55729 51244 91243 92386 44061 
1172 10
5986 4972 25746 53813 53936 39355 43743 73560 5600 73063 
5500 10
43281 9536 80956 41751 36463 41031 10019 62401 37347 64847 
1170 10
2748 2106 12204 95618 46679 98638 85379 6679 88986 64815 
5505 10
65406 89444 18822 56772 33565 42612 34375 60918 72337 14565 
5509 10
51834 1810 2168 57971 33125 73549 48132 4638 14426 71417 
