190
5104 10
15796 83748 64858 61992 78500 89429 75484 37333 26058 88839 
1473 10
90268 43090 164 27947 85313 86794 38021 66349 80686 65158 
1472 10
26735 13357 55709 20496 26367 22086 53503 92997 66969 11128 
4755 10
85190 18564 24113 23697 91902 29933 26278 77049 49419 33801 
5107 10
99782 91670 89436 26124 42282 25261 74495 90546 16207 71935 
9752 10
43989 3775 55576 19038 51247 27133 5944 7306 97353 27738 
8965 10
91862 13636 7337 99886 22790 81920 20994 16050 9911 3308 
1345 10
88362 51800 82341 31986 42322 59885 23559 91428 94509 52360 
5081 10
14886 50315 48644 42347 57421 65323 88016 89527 33825 34266 
5099 10
4252 56308 89562 96252 54441 73635 67432 59263 80317 47295 
9753 10
65193 97870 14807 89041 96919 19957 25606 61271 52630 35472 
1337 10
97214 3771 85978 4037 40479 52654 92650 24026 40083 95636 
1477 10
83228 32372 30077 23814 82227 51894 88028 71393 86310 2477 
8960 10
84994 9 57042 9055 87698 54370 95139 90950 26710 24661 
1332 10
87423 50977 82194 25872 51458 82628 1607 82265 45514 17754 
5066 10
26643 39982 50190 60460 41334 74745 11518 46436 85684 85868 
5120 10
84069 33512 11032 57947 21103 82968 82536 45975 68472 62092 
5124 10
25704 46886 56260 25039 10102 3780 26777 26439 52848 78839 
5130 10
93318 72818 57033 76183 12998 67275 39287 82635 23941 62704 
5132 10
94564 83558 99999 75137 94147 42857 25338 44345 60610 70823 
5140 10
99029 32566 61638 25582 17198 20394 67680 89833 32829 93771 
1319 10
94324 88495 82124 87614 72210 16460 50442 20108 94206 97102 
5145 10
95527 65461 40254 57401 42786 1828 39978 16951 41943 78372 
8951 10
84563 42317 65174 41158 14094 9708 6716 20901 76806 39877 
1508 10
8568 19562 42613 91455 96432 95112 24102 47208 19426 84090 
9018 10
1354 8775 82529 32502 99142 13295 48467 26880 48069 41022 
9724 10
90703 18668 89926 72055 50861 52416 52985 9593 24199 43882 
4867 10
64578 53427 22178 88891 80755 24092 14264 27853 97677 4428 
4879 10
63877 99775 13667 71432 78312 138 79345 78303 81409 84293 
4880 10
34186 83741 8290 92822 59731 74408 44543 83343 19691 4146 
4884 10
77238 55133 97829 55045 12499 9434 65210 3080 38460 26790 
9729 10
34780 46723 5126 78062 51893 63154 36552 67106 90372 6259 
1489 10
18780 89091 68669 40236 96446 10960 6539 84676 16618 98757 
4627 10
24111 79127 24657 56179 91070 44423 43516 9367 68943 38601 
1512 10
84574 25467 98363 52779 50707 93422 82870 23022 37252 54592 
4641 10
84080 22167 45136 45687 91093 45553 5616 97160 80228 3338 
5184 10
20590 16570 86390 84137 49202 50275 81290 64904 7958 52462 
4668 10
7474 42358 49842 97836 36152 95511 61570 49225 10329 94177 
4672 10
74424 95282 40419 40694 90682 5439 31459 78489 80072 56913 
4684 10
82189 46343 63262 41616 25207 58392 75207 85546 57563 14547 
4692 10
98615 95390 73086 63598 23617 94976 82065 99451 55004 94045 
1491 10
26376 36866 72736 64376 52258 32804 40610 46948 89224 40304 
4905 10
92519 41084 63689 41379 62829 2151 61212 7324 64552 42684 
4700 10
28180 28501 118 37656 42046 53230 60673 5700 47159 38472 
4710 10
34288 85880 80858 78330 67135 6924 79156 43311 2898 6909 
4722 10
96195 9010 37045 43697 77239 75410 50130 61988 10575 6079 
4724 10
45997 27207 30970 61668 93002 70830 10120 88888 84899 89948 
4734 10
49293 68397 14261 75841 11459 3103 85568 68983 57495 96572 
794 10
94453 14396 26937 19230 19740 81411 19564 64596 74291 9991 
6300 10
33797 88790 20581 53075 259 14149 89511 1132 99698 18769 
6304 10
83289 59592 20028 38989 93872 54560 57874 46221 20481 32668 
6305 10
5499 59609 18495 2996 72021 17629 4087 56202 64820 67797 
8721 10
62649 15498 44757 479 15305 41068 64879 24330 82854 28857 
9868 10
33650 74398 13721 3232 13146 7951 15035 79361 91849 54093 
6311 10
71354 31774 25522 7148 38003 84545 64873 46479 27773 32713 
6326 10
79260 50585 45467 32467 29073 50965 12045 17284 45275 99724 
6343 10
96975 13754 46864 53687 94160 73914 1179 34845 73964 84505 
6282 10
49759 57365 72477 62929 36544 7664 53411 13233 23541 56053 
6354 10
41848 47096 12015 33613 50935 27628 19251 39560 50915 55895 
797 10
97509 62661 39452 48403 69510 9020 60036 3901 82991 19789 
6296 10
11356 47645 42534 47945 42951 56396 73956 48150 79344 79210 
793 10
7241 33971 82334 73436 19685 32085 31436 35245 38964 56558 
791 10
96927 15091 30392 38850 10627 62948 88556 46734 67455 20611 
785 10
34787 83141 13049 51310 73925 56219 34109 52066 14059 27149 
6386 10
2109 9874 59511 17594 67054 19711 11094 22813 71764 49757 
6388 10
25759 35798 14052 57679 70658 78503 21305 6068 33785 27325 
9876 10
48488 49465 54404 38918 22230 85230 71364 753 57244 82041 
844 10
9119 29892 92603 77939 79558 13961 4588 29942 137 85208 
6191 10
8483 84908 44352 60014 60750 34560 55509 41304 48611 89568 
6196 10
20989 30080 91079 25940 93482 44530 37236 43207 29026 27731 
6229 10
24198 14751 76302 10817 61540 17584 8106 28422 75827 81657 
8734 10
49319 88905 26254 763 52536 23616 86430 85619 5728 83454 
8981 10
68881 15079 73258 53912 11981 36381 87611 89217 52999 92873 
5005 10
64039 83929 93910 41558 7658 7087 25432 39688 28599 57464 
1406 10
41090 48761 74221 98931 50245 90730 18820 46065 43125 18059 
4943 10
25236 82716 38013 87883 63712 22344 12584 43417 50755 69710 
1398 10
71515 19404 68616 53546 76576 99371 75665 71375 62751 103 
4953 10
19361 55370 94086 35799 32134 850 29864 67874 28393 34441 
4974 9
52418 28466 84667 29267 35468 7630 95654 39384 69581 
4978 10
24214 35466 21658 51489 2393 23642 58444 6300 58309 85205 
4992 10
84397 49182 58756 77293 81090 22018 93923 69309 70388 4692 
4997 10
28903 37486 36902 88226 56004 4987 98271 63467 22847 14898 
5003 10
83186 17526 80586 64002 31104 29901 22741 97303 25332 76284 
5686 10
19768 88281 15744 78863 86265 52100 21496 21711 93856 33504 
1434 10
46926 66369 75062 28963 67173 57828 88559 30652 10192 61226 
9746 10
19290 73589 11494 28693 39742 13654 24710 24520 89158 68439 
5037 10
33357 57049 14221 21942 85819 51738 94088 98209 76941 50488 
8977 10
45346 12943 8352 15729 43328 57923 10076 53051 35909 65705 
5039 10
6641 20277 51015 18220 98258 24007 51336 61261 37338 22483 
5041 9
76255 76299 89798 33533 95216 77644 82098 44984 6344 
5046 9
86743 97764 25308 88296 97091 73295 77798 81624 80051 
5062 9
19182 71260 47053 66731 53033 54585 15438 19534 58918 
1352 10
1598 72680 53141 74571 10891 33381 56787 66945 10730 88807 
8715 10
49514 88316 16746 99282 6515 35523 48680 92398 56455 37207 
6289 10
80833 24167 25275 11857 67445 757 37646 63421 9609 93353 
5289 10
37565 24795 47566 66836 88023 74067 52704 56230 54067 62287 
1286 10
13734 95531 50196 7345 47537 42370 1507 69011 42207 96233 
5225 10
62467 15133 31607 886 14657 75114 54578 93881 81316 10024 
5226 10
76633 4393 75304 7428 53523 41608 81726 4140 52468 69939 
5231 10
61535 30225 97909 95549 15254 28790 24124 90980 38409 84444 
5257 10
79330 30979 20359 68180 9679 4400 44525 84566 6331 59086 
1271 10
39846 37721 35685 28773 23113 73484 23550 13665 91230 58716 
9786 10
63265 86123 50059 54031 24764 35432 85499 25449 12193 32062 
5265 10
68284 69990 28968 78472 48776 77151 23263 87710 89175 62576 
1264 10
4850 33575 11212 86417 18382 56328 73285 15615 99490 60659 
9770 10
83895 84219 47114 83635 34882 37193 12640 97430 60469 40027 
5278 10
85523 11583 73924 73553 43681 39314 6210 76569 62624 16309 
1291 9
37438 85411 88 67122 25530 86493 45993 46431 69732 
5298 10
45992 66413 32351 81110 86133 84553 80114 98850 28556 27618 
5306 9
93841 24968 39121 8506 83 97451 88009 18399 13851 
1249 10
24923 70255 14370 13016 60004 43004 81969 10207 76800 87288 
5312 10
88170 5170 72626 84015 60264 92297 96436 26994 36550 72729 
5616 10
63050 9568 94408 81337 5202 75437 83210 11907 40986 48716 
1128 10
89118 6916 26616 47021 85307 58500 76111 43196 8463 34586 
1126 9
20983 69967 901 69678 66996 48643 61337 5615 38746 
5567 10
23884 33589 39579 87345 52408 61189 2455 14236 3668 8112 
5582 10
46074 99170 40151 43071 22810 76124 62665 3960 58726 19790 
1121 10
84764 87413 45325 95734 87634 36509 28521 13140 23836 62904 
5584 10
61506 26519 30933 29637 85926 88657 52602 18627 64606 20196 
5388 10
48235 16596 31625 2510 29262 6239 56049 47577 68884 22454 
1243 10
81991 11720 97141 13218 53716 34869 95145 8279 45667 30294 
5317 10
63086 15637 64468 22543 8016 76391 82990 77394 3624 64764 
5321 10
57305 29339 29741 47769 98558 30320 43115 16748 41430 72665 
5326 10
50417 6996 48683 85869 70086 13108 48600 98038 5444 41622 
5333 10
35445 79968 34539 84970 65404 22559 70725 73657 39407 33909 
1231 10
67879 95083 62763 50913 46637 84602 24078 90934 69045 93993 
5355 9
39771 54332 89849 70343 54827 6853 32073 20823 81779 
5363 10
75503 14563 39184 62759 92844 90173 29280 63099 90379 38425 
5375 10
36742 77236 45291 13374 93957 88229 85931 62983 17446 66440 
5384 10
14597 22206 89449 4407 33436 95070 27108 46098 86961 88270 
8927 10
95160 40811 94812 10032 74755 68159 33460 88313 54439 25615 
5597 10
34387 85702 53485 73291 2633 30181 956 67835 43458 69423 
1208 10
65113 67791 42053 8643 33345 90719 93048 13442 58729 65994 
8904 10
55378 85253 13733 93961 32230 38301 57260 36969 28337 97374 
5405 9
23004 29074 59687 58490 30086 69271 18415 52991 77257 
1199 10
77891 16872 88899 95950 48704 61067 37953 30739 66200 43851 
5428 10
59888 42477 34366 95431 16953 57184 7591 33447 48999 78831 
5432 8
98963 50624 31596 84768 6706 91412 62423 60370 
5451 10
43091 84441 96027 97843 11394 79931 84604 98744 66624 24619 
5458 9
21729 4456 80526 98801 76266 75330 98 22777 54394 
5259 10
33030 25896 21322 13333 58182 13277 12236 27505 4080 50399 
1300 10
71545 24048 45733 74317 11468 42464 85053 85680 23604 37145 
5211 10
21598 72367 64568 79160 49657 6047 20445 30544 92849 37813 
1468 10
54279 34715 61953 61095 89902 82582 99868 80456 57976 10708 
5188 10
60141 96604 69593 87970 94998 69738 87841 779 11293 93010 
5527 10
59760 17161 23624 23139 95721 49504 98028 43895 97159 3336 
8872 10
1970 86629 94929 84739 10717 42559 98611 10304 90487 81690 
1150 10
23183 19937 90088 64445 91096 89228 71202 44950 31581 57430 
1146 10
10566 74944 12211 19738 89363 61032 31259 62584 12669 68468 
5545 10
44168 78978 73872 90134 96531 53786 40587 79351 1458 50728 
5549 10
70503 41130 99555 58699 33727 84979 64664 38254 18510 55683 
5553 9
39426 22177 50940 16784 47365 24749 10446 18280 48245 
5556 10
97982 49761 19200 24121 3847 84770 72243 17756 73010 42166 
5559 10
44643 93451 40087 99689 69600 65621 5284 43761 1441 50270 
1436 10
67474 23877 61802 957 47912 5145 3209 98677 32549 9923 
5518 10
96274 22482 31128 39802 33826 3768 9698 65759 59737 53113 
4761 9
62949 51827 6003 74803 86021 5762 24468 74731 27402 
4777 10
24721 62050 46843 27309 45831 11882 37052 69599 19662 70272 
4786 10
56206 81623 6763 68901 74193 74453 67476 30000 14991 80798 
4807 10
86516 26933 95117 23050 33879 58409 45907 94077 7346 82663 
1445 10
77844 26697 79477 80730 80407 91354 76334 75740 98099 18135 
4812 10
8586 39557 2904 74962 51367 82362 83739 21590 79687 84612 
4815 10
30672 14781 28273 71596 87293 508 76221 96146 9372 85234 
4816 10
37601 57713 94026 92260 8687 652 48382 14119 15957 84901 
9723 10
84292 87258 29538 78511 51030 53933 3612 85706 74966 51186 
4756 10
7485 96390 12766 84394 35047 40880 77620 77917 21581 40473 
4822 10
61574 13726 12044 2870 65517 53932 50414 82017 79628 35841 
1081 10
52792 59747 60934 1003 19411 95883 12063 1631 32509 2153 
5602 10
6018 17113 74294 87235 4331 23012 52315 54896 2343 43815 
5606 10
18297 93538 23315 79732 38931 33880 19310 36735 83094 72170 
1109 10
14698 38329 74628 61713 65141 78813 29735 83089 70282 25962 
5563 10
52895 31562 9747 25173 10673 37263 48103 12937 84918 16714 
5622 10
81230 41045 25511 82225 48219 74648 98366 63607 20247 94549 
1102 10
34513 65592 102 24549 68199 75798 14312 99827 22815 61617 
5629 8
83836 4221 21830 3019 15209 4909 96565 5536 
5634 10
99710 13400 63947 61670 95198 60989 32468 50298 43723 83678 
1097 10
41182 36934 62296 67248 76006 84461 38974 19570 74675 17246 
1089 10
59298 53020 81466 50872 35424 7888 44319 95031 61844 96911 
5659 10
2210 38184 9670 65543 46292 30775 90870 732 45959 15089 
1211 10
42074 56167 99818 74391 77324 10490 36580 26705 16166 36079 
1080 10
95298 7929 2260 85465 79608 70652 3042 25950 71320 82490 
9787 10
2616 4320 15218 9694 7021 5200 89953 10729 10500 22920 
5470 10
74068 13236 16261 32926 4388 86674 26972 74187 34120 78333 
5477 10
80268 91709 78542 8172 3757 10685 42408 91238 93139 8631 
8880 10
19890 91995 44061 91243 55729 44925 72568 34663 51244 92386 
1172 10
25746 5600 73063 73560 43743 5986 4972 53936 53813 39355 
5500 10
64847 41751 10019 43281 80956 41031 37347 36463 9536 62401 
1170 10
88986 98638 2106 85379 2748 95618 6679 12204 46679 64815 
5505 10
33565 89444 72337 60918 65406 14565 56772 18822 42612 34375 
5509 10
57971 33125 73549 1810 2168 51834 48132 71417 4638 14426 
