35
222 2
24355 64570 
13 2
35977 27540 
144 2
2159 86252 
841 3
97336 18412 53547 
565 4
9327 68289 99859 7647 
198 4
67461 43277 72862 85926 
947 5
59511 5331 73754 34394 3174 
231 7
51340 2623 23534 63041 49217 32684 32599 
70 7
59038 64693 51218 39147 46955 69450 12609 
682 7
36725 71748 2095 99911 64141 37421 62803 
281 8
35282 39307 58260 98763 28028 61772 34826 44849 
44 8
11301 27027 12732 67337 19798 48493 7177 6481 
463 10
3496 9592 51567 55917 4723 77430 69374 72088 16211 84698 
936 11
89443 6219 73598 30600 31663 91792 61472 30618 35974 16142 43530 
120 12
54379 44585 26106 37305 85140 77479 27416 84406 8848 90825 32188 25587 
328 12
367 19527 33938 81785 25160 43999 96227 34807 53214 33740 19780 49207 
552 12
25992 64790 49661 26350 43328 19646 55545 47379 9877 37990 94290 95124 
81 13
53156 18456 4736 86279 37652 79511 30539 61114 24063 31106 2707 9268 79916 
386 14
31085 23902 89204 46755 36458 33385 17512 18421 6016 43600 41109 67088 65711 85219 
471 14
35339 81107 73414 51538 32118 6961 14167 3483 99955 12704 73200 18841 90830 15816 
416 15
79390 78105 17330 1804 17636 77021 92947 14666 94715 61303 72703 43182 70897 85126 75226 
856 15
28413 48369 28726 11792 93699 45789 10159 18910 20892 35138 62884 24378 9664 76147 57723 
541 17
53375 80208 27260 54475 24930 34813 59810 1339 43135 30209 65129 62190 96782 93418 93491 51843 73074 
948 17
53225 55675 28157 8941 39097 49716 91111 96773 36420 25708 89537 11347 79672 39578 6900 47500 98258 
761 18
38096 41984 25330 90488 7130 11921 37498 43034 83559 41509 77219 32275 15455 78140 50358 96592 24676 95034 
762 18
51709 10739 55343 34911 74542 5687 77147 9091 82838 86598 65447 71309 7198 8710 22616 67087 44445 48424 
406 19
32315 84733 38572 43520 39409 7785 15264 76263 82163 33777 54313 11373 5175 80456 71181 97729 95533 22702 83364 
703 20
44773 81481 86675 60396 90768 39512 54963 49064 129 26371 6977 1560 87338 47401 62254 71501 18747 14638 9559 95323 
221 21
2939 59295 7527 18439 47015 8930 30788 55582 58210 44632 95958 42072 9653 69314 96568 71305 63931 68448 4511 66391 62039 
275 21
87440 19197 80390 56813 44687 90778 24185 34654 37622 28202 15809 56099 62421 13727 78046 58119 65345 68837 5874 38324 89075 
435 22
95274 34241 79112 48405 40494 35239 97688 56133 87514 37475 468 46239 58609 95703 3191 81036 11718 34335 84965 32522 21866 31747 
629 23
6335 23563 61500 58470 49760 44432 44720 42790 32770 56522 44767 33843 40806 94070 15381 59031 76198 4119 86651 7430 40469 85930 78674 
450 23
16126 361 34850 26416 33222 17196 78089 34350 69742 41428 99360 62328 54622 5722 25354 33142 29185 57628 98694 96331 1731 38383 41943 
146 24
95077 10833 57078 45698 97504 34321 24728 8225 65870 24660 88157 51690 64312 16197 70432 93375 65104 49987 77474 91766 46781 56219 60993 59379 
628 24
62512 46407 2077 39111 195 5476 98692 26672 61834 71292 75296 90249 7421 84904 20111 36084 86412 28769 41304 41450 24701 76074 21435 11306 
