192
791 10
96927 15091 30392 38850 10627 62948 88556 46734 67455 20611 
6305 10
5499 59609 18495 2996 72021 17629 4087 56202 64820 67797 
6229 10
24198 14751 76302 10817 61540 17584 8106 28422 75827 81657 
8904 10
55378 85253 13733 93961 32230 38301 57260 36969 28337 97374 
2020 10
37139 83717 3751 27597 48808 88764 33626 27424 57212 8142 
9537 10
20112 14368 8478 63293 43606 80490 42946 27372 41808 90901 
1573 10
82601 95564 44788 73636 37730 73476 24632 60936 93175 54410 
238 10
20621 70318 76242 83068 44913 68570 49401 42051 99880 77251 
7487 10
3233 13594 81205 56872 6180 21882 3486 4991 17619 8540 
9163 10
17015 9077 61298 1486 18853 99903 34883 35283 54751 57111 
4615 10
6680 94557 80995 95558 79043 34966 44884 76814 59856 26148 
6739 10
60521 78605 32314 12013 54695 50698 22177 32677 49017 56487 
1286 10
13734 95531 50196 7345 47537 42370 1507 69011 42207 96233 
4384 10
11717 6157 26316 94379 32519 35860 15878 12157 11648 47841 
5226 10
76633 4393 75304 7428 53523 41608 81726 4140 52468 69939 
4403 10
61037 27168 82909 73935 66823 69617 21181 91242 26202 36366 
9770 10
83895 84219 47114 83635 34882 37193 12640 97430 60469 40027 
8542 10
71251 87412 99210 26145 4934 34786 75829 68277 69024 14684 
740 10
38908 58208 62447 52472 1510 81776 51223 67741 18399 62087 
6987 10
93833 9253 2962 94782 91789 27385 69660 27497 98584 98568 
7012 10
95290 16682 44719 16226 7362 98980 21500 10610 1943 17983 
9231 10
73240 11496 90641 53476 55396 20936 95614 13414 21124 33439 
5458 10
21729 29942 4456 80526 98801 76266 75330 98 22777 54394 
6675 10
75116 76543 60941 21393 5734 48196 19032 73512 71736 91404 
424 8
84062 36024 77707 19987 33493 7313 24611 82517 
3943 10
26310 67942 21566 90311 71086 38926 45268 87373 32241 9541 
2185 11
5701 44232 90394 46537 54717 17612 27870 84028 88957 628 2172 
5897 11
73997 57497 8182 92526 68134 5335 42466 76659 49761 46241 79355 
9338 11
65499 31075 72414 80826 81772 17517 65961 13 70983 91267 94120 
6922 11
41302 73123 71145 51532 76145 68773 37901 56100 32731 77448 72703 
156 11
65197 54977 42859 20438 73296 47307 13469 1251 36043 46885 15885 
8940 11
52936 60669 33664 43892 11697 55887 65930 42250 25854 79603 37820 
1792 11
36371 79919 82381 58344 65547 69090 38582 47471 36382 77864 17425 
608 11
29875 33098 6972 2756 30618 24148 72032 90112 51100 5002 59698 
8737 11
25296 53273 75378 58177 11375 31236 30972 75001 25273 3080 29200 
1739 11
6282 44015 9555 78132 44037 18261 32025 29370 15933 97610 72874 
2457 11
73007 23508 55480 36205 91283 8334 36987 77001 24780 58821 74588 
1941 11
49006 17183 62341 53706 60613 4638 61631 45892 97598 34379 34206 
1063 11
54314 9830 83401 5649 53276 96250 12502 92002 98763 91170 54995 
5699 11
15277 22192 23355 82924 33445 78688 86735 22154 12230 65541 44915 
8128 11
53094 2429 95115 98960 25117 19960 260 78649 6491 19901 27904 
2271 11
57581 48372 51807 28853 23320 82400 9315 23345 14679 85204 51865 
6631 11
15648 91263 16660 62386 30763 45331 38393 830 81202 96378 42024 
3858 11
82520 55568 23858 86311 85487 77979 12741 66462 50904 83865 95640 
8967 11
14848 55867 73093 67219 53033 24999 35219 42625 93546 89005 5548 
6843 12
71466 31727 68123 84753 75542 94514 56620 24661 26436 29358 36573 28445 
6372 12
12388 73270 927 63017 45531 76312 81207 80763 93561 99262 3306 68118 
5264 12
3571 2292 45577 96908 61962 71153 950 34673 18513 66996 82471 73364 
1205 12
63489 54670 66938 11002 58901 48942 22181 82859 11316 7600 77349 1845 
191 12
6969 96170 18918 51104 65917 20994 13430 29405 81370 9025 90844 68432 
4861 12
43646 74022 79615 47814 77645 82525 29868 41849 72048 80315 72026 92473 
3650 12
53189 19999 13681 9220 84273 84962 43650 61795 19126 59147 35380 54281 
2089 12
35134 54279 90061 79692 70459 90595 65452 57289 50096 89998 41311 80168 
5252 12
22191 83512 13382 61595 57648 39537 69887 93958 43213 18168 58442 72222 
3033 11
84047 36925 73438 85925 30662 20558 58939 56307 14044 79157 69650 
8329 12
26337 25761 53905 74472 71754 90021 76151 37616 76866 44374 455 84070 
4319 12
64662 61789 24612 49885 88250 67521 7365 31577 83203 92950 5288 28815 
3916 12
11667 93158 90732 88137 48830 99473 38239 87022 28715 44883 73905 86408 
6382 12
36508 13221 73602 50175 80165 2412 63680 81280 86149 22521 4884 5911 
6600 12
6558 14604 95278 4539 52800 87608 72201 52762 53584 96614 84265 20474 
769 11
78328 23807 37297 56373 54443 4452 97830 95943 56458 93744 66662 
8440 13
90763 50822 79175 88863 52186 74709 90156 9350 82586 87860 24569 85479 31642 
6317 13
55362 70562 16788 14393 51179 5059 91565 49760 21401 26906 65067 34123 29715 
4212 13
55998 15705 14981 18119 48319 33121 98961 86303 42649 63357 22259 68065 83398 
789 13
91468 43612 58965 60451 63051 58066 67931 40436 93694 21112 55532 68781 86738 
1006 13
42568 23287 32009 7928 94657 59298 65145 54114 78990 37573 87701 55074 35385 
8775 13
30619 22412 12309 97841 46736 11007 67221 27692 74485 41411 1869 18250 77725 
6089 13
95327 26843 50447 9194 95104 68375 16238 78245 37884 75237 30892 24944 11394 
3531 12
90534 70972 54890 3915 84945 41001 54901 55981 75963 90491 93569 7859 
9453 13
43709 70847 74767 90249 97212 91676 80505 8525 37384 23154 88591 42269 67437 
221 13
32206 73262 28377 55142 16574 60543 83701 90069 19666 67677 37953 70544 2335 
2613 13
48234 48479 31483 46958 51338 26160 77940 22124 93403 37140 36847 93766 86579 
8622 13
37386 41791 32618 9226 60426 86787 46627 90161 14735 53004 13536 7364 53219 
6899 13
66671 56318 36977 51050 94621 10095 83721 66595 95073 85338 14246 85529 7382 
7430 12
42915 69945 10988 41462 94989 75144 60895 20307 98391 67476 11795 36456 
120 13
12429 49199 87492 66258 75472 65040 49381 27146 56191 75512 75355 86511 91445 
1440 13
89120 35834 14927 79374 73874 78299 33612 83712 19380 32539 17403 5755 99316 
8557 13
41852 6569 25582 85603 1171 38965 55397 75943 57262 39898 33852 16658 94249 
7183 13
40491 60535 80448 35061 91032 1886 10580 47342 95540 83734 98760 67186 82335 
5858 14
61045 90818 71667 48787 73185 36776 21832 89982 44204 86090 81031 83611 35106 25631 
2277 14
65585 10822 79081 28008 92409 29047 36782 87262 32043 71782 15839 73548 30169 55189 
1119 14
44238 71146 47714 69540 38449 59229 6955 20096 23647 27764 68740 40848 34662 5231 
7883 13
20327 76990 73456 38415 76537 75401 12039 53444 57221 80187 78163 7934 12035 
1539 14
88340 87469 36832 42991 40839 84840 46661 79506 33779 75734 16223 17310 73615 94002 
5448 14
75511 69233 79973 38164 16013 34312 59195 95751 85640 83643 77378 26090 70394 8400 
9519 14
29789 20764 98718 90473 34105 52588 72125 16754 1761 58561 59760 53487 78382 38944 
8070 14
14443 66976 52774 2615 39913 56742 29981 81476 45026 59182 93400 9028 96632 28071 
3809 14
36488 59913 18727 50129 74886 57952 42530 76234 51822 62002 86093 1735 53060 63510 
9972 14
32106 51730 6953 17692 20484 89228 14160 89694 18025 82972 87287 49225 20289 40970 
289 14
82805 87874 9 22447 60079 72301 15741 36071 26062 81158 76961 7280 61203 19417 
824 14
11777 96827 65203 94076 80219 19458 17171 17164 55264 93456 34228 10608 60168 68177 
1502 14
73268 42274 44371 9693 65482 94611 13465 81262 26116 12830 29552 87922 99891 96194 
8844 15
65876 19007 91301 24369 11400 75456 98471 40351 89020 81586 56901 1398 55213 63152 2799 
5479 15
99242 7000 79834 66983 54860 445 17650 32503 48588 68557 76243 16714 82458 64122 40459 
3893 15
39758 11207 76882 37267 44986 20054 52129 86428 93732 5808 70032 31828 88665 33949 2611 
1858 15
62806 21115 70341 3951 97484 1588 45962 60069 36521 59987 57817 50876 14272 4944 50210 
8730 15
95584 78006 75695 80550 63838 54180 97591 70577 17254 99517 99587 28565 38448 3066 29795 
5703 15
30932 3364 70605 67905 12365 85854 31355 72605 33563 56611 34491 58923 51697 30657 41624 
2923 15
54171 49587 9340 19756 3340 20732 87908 87323 89943 9779 78873 64384 51640 17764 84721 
38 15
42521 40183 40728 61902 5620 96167 51190 45134 734 10335 8915 92416 97654 21305 21768 
2942 15
81564 73004 98932 23015 19722 90045 69898 6497 5417 39100 86813 25245 54930 62440 82493 
152 15
53098 6495 19748 2597 42955 97066 52014 54813 43075 7397 99881 94552 79562 45217 20883 
5189 15
3584 41698 22378 1242 91292 30208 43429 27034 56155 6858 95612 54007 93088 51626 50556 
7769 13
17786 47399 30298 68244 47555 99552 34196 37760 34858 75660 67754 4690 720 
5074 14
61251 68450 63890 86785 59660 15556 24953 89090 70063 97818 82409 83208 77968 30193 
1519 15
56863 86793 4073 70667 64252 24368 34452 16197 72463 2497 17380 39146 46071 19794 44242 
5090 13
48714 81584 95725 29626 96989 84778 1548 9614 6763 55537 87824 62409 49179 
4049 16
52473 77582 39164 39629 6942 771 42582 89523 34448 59988 1476 72809 38558 41878 53914 23924 
8377 16
89407 75006 49061 98336 1128 17597 2902 6259 46143 69927 1952 30670 23001 20195 54862 76601 
1292 14
22361 87426 33342 23058 62702 54836 87445 84263 5504 96964 25891 29470 56562 23069 
4911 16
58619 37518 96878 28804 85710 19265 98588 69556 20555 92138 90309 39126 52397 76421 54356 69143 
2818 16
13390 73500 8956 9960 4770 63677 53817 95621 1683 54346 77882 22546 5392 59956 45129 68203 
418 15
3445 19776 71819 55706 2220 99480 13043 29113 10022 11662 75538 77440 19290 32286 37161 
1794 16
99073 56137 58144 16541 82367 28541 31082 42181 86336 14501 80647 77810 69216 40607 87667 8223 
5581 16
42476 66941 99111 31514 15239 77514 51520 76484 26322 12622 59154 44653 73402 55228 81124 65052 
462 16
76817 29109 36094 31505 45164 65678 12322 72407 82077 11995 36722 84319 73681 96865 92412 88288 
4098 14
95258 85550 11661 48893 26434 33519 46523 17986 75618 49344 29401 16934 45209 65532 
5084 16
66006 5936 96896 50437 2223 39680 82735 24561 55224 97723 41322 51480 58101 71740 34470 11920 
542 15
56865 45750 77627 85408 90563 88830 35954 33694 15560 77058 98687 53334 12927 98025 22135 
2993 16
38961 8948 18629 1702 12777 41892 71165 20003 38841 91384 94765 16873 73177 87763 56009 34619 
5150 16
72587 77450 37448 55059 81057 59203 24137 56258 616 52717 3718 82468 39605 21538 69907 54141 
9149 15
13653 9349 69311 67873 37557 6371 32620 96588 54782 57954 26325 91243 10985 73783 36627 
2666 17
76598 15898 60452 26796 24085 86730 77976 88819 25484 29143 53405 4386 18220 33667 95190 55114 78768 
663 17
43553 85305 73079 721 20835 92994 61535 52132 16357 24566 21828 42913 4304 17212 65858 13016 91194 
1151 17
3896 56896 32120 88843 32590 24763 94475 69810 29643 50236 34010 76053 58837 90525 80626 12726 78089 
2744 17
7258 6212 99992 3770 65437 80671 86521 27767 41856 74915 75924 16091 76142 81872 77233 70036 76984 
1463 16
62003 39425 93555 33650 32396 57434 38005 84897 23948 55163 65170 3321 27997 80195 83059 55955 
7310 16
94045 40305 76265 61375 24089 10348 42728 26847 21866 60005 82249 7477 29690 6455 85532 17325 
6554 16
82120 59737 55926 8237 70023 69451 82080 3176 53679 16133 40892 59824 50456 10409 22179 13054 
7383 17
48557 5758 83162 81694 66948 78182 98022 90548 45929 89343 3887 56129 31565 65814 3333 71923 94248 
9828 16
87393 42240 24060 35386 6880 16857 10767 72892 56591 98329 48580 53823 80311 79444 37530 55184 
1348 16
6111 58518 56091 90943 13098 9142 10838 19371 73329 41574 39422 65834 90465 27379 81953 53262 
9428 17
6692 73231 3439 88080 77154 79523 12780 69314 35567 8108 74371 69561 90134 17925 38957 29554 76841 
2224 17
58266 21783 43924 12718 995 63440 56122 41920 90958 54079 99336 51945 50479 8599 84004 21346 50268 
3930 17
50483 48897 9196 29182 9272 7767 6208 50402 1265 41465 5303 17487 52604 23734 31848 77908 67629 
8239 17
450 5186 46954 39089 30991 24069 28532 96795 6475 1708 79690 57146 36389 96392 34187 17215 36454 
5126 17
60540 93153 5647 10622 62042 50923 62396 1274 87771 70489 5023 6329 16051 77224 1500 53841 38035 
2107 16
42685 40722 49585 28969 92330 86023 57063 62917 77695 14248 63024 22335 11143 1648 37222 4867 
9536 17
78845 7833 96470 7034 38237 98834 86746 96880 23190 95844 43091 40451 9114 47966 37821 2979 80553 
7243 16
91025 41457 76394 50394 43122 50324 36003 42008 83823 11852 27950 77263 30369 24818 92712 60513 
1317 17
22498 75498 54440 65651 7606 79155 52150 25812 44339 88317 83324 59264 59693 4036 50111 48581 10394 
5420 17
41558 49151 9063 46153 29580 61901 30188 55451 81301 60166 8032 91044 61732 59936 58036 70074 87071 
5700 18
69341 71867 38670 41913 64990 43714 3255 22965 37356 4517 75228 27732 53712 18830 21088 21362 30866 75633 
8887 18
26988 50060 6956 89506 12560 41297 19482 19827 74971 45450 96383 63045 67211 42539 73556 69321 87881 80223 
5956 18
18497 7784 65480 23111 92215 66314 1566 57377 34372 61150 89882 83263 62969 93419 33959 81811 73217 51647 
9389 16
265 6821 93554 80869 18197 54082 42849 81612 78494 98735 57832 49390 59846 95062 26876 12242 
1328 17
92167 3772 62869 49711 11655 21031 61356 24234 89835 4446 67178 38244 30487 17824 2576 10743 946 
1106 18
67243 3806 68905 50684 37973 17390 52475 74626 44985 96412 29588 4507 67988 19584 9925 56986 97082 6984 
7179 18
22705 53577 45570 59713 41750 95940 41291 58721 46987 68807 35544 38619 36250 2258 64217 37668 22200 47013 
3986 18
50224 25816 52161 35109 51620 81748 13204 74619 93976 57515 37489 57685 94135 8537 13433 73655 50392 69916 
9506 17
73605 61131 24168 64272 91177 55571 48747 53947 82657 33125 28035 2253 95401 13325 54080 32320 73120 
4147 18
76138 11132 36689 24947 40572 976 33093 6268 38934 15603 46175 91867 8048 74226 38677 13521 63804 79094 
7492 17
37917 3343 36600 59222 6564 47924 3106 94452 8586 95147 80355 74579 80328 75856 55292 5958 56726 
7726 18
63936 29087 52019 43404 44950 27 44524 82992 84050 79952 91734 51359 65491 85737 26720 88213 61424 9587 
4887 18
31979 9920 83777 13826 68825 97270 43310 47992 18565 92588 34090 12540 23934 14224 90160 90046 52827 8975 
7236 18
47369 6848 17391 76832 34620 15578 34876 89373 92724 67429 66653 1678 31502 65127 83352 22231 90221 99876 
8014 18
84201 88211 86911 32891 39771 27701 65216 7789 70769 62868 21395 415 92012 95651 50780 57889 52794 75551 
4093 18
41931 57799 24593 27328 40448 43037 79666 2193 65457 23436 2824 53311 72554 48262 82637 76049 89149 92340 
5359 17
84234 51847 85388 61219 5507 31242 55531 45252 64180 8826 70556 840 65739 42009 30436 65897 56246 
7193 18
85721 87526 69087 21857 53826 84847 81187 28134 57697 59466 45085 59092 88975 39397 92266 69289 71752 82055 
5535 19
93989 59886 27133 42613 12606 84034 92190 76195 21484 69678 29923 88704 32097 74819 76655 80821 35831 30527 14533 
9395 19
3728 73868 74413 63323 33518 50843 38865 72621 84421 72655 11216 95505 39446 74230 80327 47997 76918 26482 37366 
3376 19
52944 70632 45742 42109 4966 66007 33396 27132 69095 7997 46074 43711 80503 5317 69567 44679 53369 9500 5472 
3141 19
97269 15833 68045 54275 29627 83859 82156 18466 27423 40196 48655 17057 8049 56285 5347 19375 22363 67536 75668 
1847 19
55344 50946 44637 71079 60141 43436 81492 62976 96202 38348 70742 33136 23646 33991 75446 20543 68243 3432 87414 
5337 19
91595 39789 24497 89116 64465 89207 44852 62762 83241 21581 85424 672 25542 64741 76649 73977 35646 34927 78638 
5102 19
23615 45706 12318 84978 54628 17349 14725 18683 26637 63246 70213 20371 32509 42106 54312 38408 47516 61158 10890 
4957 19
43873 48102 55570 83786 29450 41314 14449 62118 70121 56295 5946 68061 52615 5811 72551 55753 61827 90206 55524 
7049 18
41079 65391 21683 13986 86659 25020 87674 40964 79433 21635 65770 21281 80390 40666 2097 99000 62167 93820 
1182 19
75054 48025 29198 28375 36608 23301 61254 16030 15796 46771 18469 43423 95944 70603 52519 32570 41677 39364 64053 
7533 19
37097 52756 46742 49380 87845 45926 43745 12511 54296 69426 20309 95154 32632 61163 22825 52024 50358 43403 70435 
3433 19
93282 22651 36726 45251 71399 66059 60305 83669 94544 54041 80172 75651 95524 5421 98998 24680 18941 29242 19146 
4638 19
76066 98657 38607 483 29217 60699 14960 18505 3973 13147 8491 70003 86539 23495 21217 26387 25768 50338 6786 
5247 19
53541 62844 55085 10565 8655 5047 56996 92041 38520 94238 67210 79458 23472 13910 6620 33596 53320 15195 23711 
4324 19
15920 34964 19829 17589 46786 64852 35785 37433 79672 10861 41474 36462 92318 60880 58868 7085 21303 76245 22055 
7908 19
59497 51800 44876 98041 97239 76460 44520 49429 27706 60343 44321 28502 34104 34323 46472 90029 25304 30794 50020 
3261 18
82448 865 90462 22435 72994 80439 38015 72521 90531 86611 60886 22585 92464 73398 93388 83698 29510 34171 
6322 17
79098 36185 28881 77658 94809 58584 59487 21297 8541 72980 95384 36355 28954 1277 95407 14568 30533 
2572 19
25151 77659 35 11829 68342 29755 65768 98440 48490 43119 64758 35682 49181 26283 58184 8457 858 47662 13436 
6345 19
37453 23492 76810 4347 62342 30570 75352 75454 92224 14936 63233 14111 3977 20244 32504 67882 40759 25293 92850 
2587 18
79947 66321 40473 30053 8813 43071 87346 97852 35217 88240 59099 99422 89530 95181 19186 5097 19530 8286 
8744 18
48693 95850 37131 3145 25213 40512 60081 32139 50505 85853 41319 84486 25368 80010 18487 25826 11448 12443 
7877 18
65463 37999 97111 15048 30112 28590 49152 36975 14723 44943 81243 46808 12965 25712 10016 52364 45700 584 
7516 20
91721 54684 35605 45618 44872 8224 25892 39664 46465 8639 72832 4378 23092 9207 57087 33682 82512 73740 32105 70559 
2387 19
82491 31511 82749 58567 93532 17812 76216 46893 19888 45874 67360 47559 13823 37499 40445 52301 81680 86750 66804 
1090 19
4420 96998 87357 68940 57216 97896 54260 9209 690 54217 87301 46403 64013 78061 46275 23170 11204 49034 6770 
6644 19
91504 59710 52990 10816 2164 34217 89990 39066 43182 79918 87633 5281 67532 62465 47332 32722 35676 60249 34688 
7741 19
21046 18161 84681 91219 17677 87028 18092 47448 9181 29353 56165 36635 45832 41489 90671 82609 41997 20515 33656 
4254 19
92546 67206 9616 51757 77255 58242 48074 81601 28275 93322 38563 30532 92752 8107 37649 93768 42203 55735 74004 
7454 19
47915 96982 17645 78091 40925 62802 36989 60581 31054 96529 2689 70501 86612 64954 69299 65962 33783 2732 4424 
1105 19
78451 97524 47258 58548 46187 24010 81432 75455 90457 35276 63454 89740 2883 22222 82336 22025 10472 94034 45712 
146 20
88980 49939 59664 92092 31293 99600 90250 73002 93095 78738 73303 14602 75714 98354 74324 59044 55777 25537 32433 32080 
