205
4724 10
45997 27207 30970 61668 93002 70830 10120 88888 84899 89948 
9146 10
67219 89996 22583 85927 72429 41164 16783 39507 98259 3122 
1491 10
26376 36866 72736 64376 52258 32804 40610 46948 89224 40304 
1630 10
74771 85785 82512 4576 14764 36035 20363 84827 44063 30501 
8404 10
37115 44882 38866 36801 82120 13529 58196 96954 13368 91728 
8243 10
19476 3259 78655 40459 93152 638 81504 63983 61019 57482 
2395 10
56459 37167 65485 29566 22713 48699 84645 32028 55498 78730 
3931 10
94255 61412 71748 79350 51555 934 91009 28675 37479 93226 
3269 10
76348 97599 87766 91649 74819 4228 90162 10512 26409 9269 
5835 10
24979 67862 89745 93577 6703 73781 48697 93568 30382 78040 
989 10
80545 80725 49599 20534 57504 24957 77558 34191 52770 37938 
8303 10
15817 38797 74081 65494 75871 99530 34574 10372 97887 86922 
9684 10
44035 29880 11427 60421 37209 37876 73409 42277 83783 6718 
8122 10
6121 62802 55650 93036 70857 99042 22757 98957 53274 93479 
35 10
14697 16035 23008 7718 38402 34846 45746 39949 17816 52920 
1243 10
81991 11720 97141 13218 53716 34869 95145 8279 45667 30294 
1936 10
64943 40500 79552 95738 81793 77836 82705 20331 25943 35664 
9882 11
21506 11092 92736 87633 58916 34929 58055 407 95506 67493 88230 
53 11
2478 1061 27198 45897 42293 67042 19871 60488 70968 56156 61098 
1970 11
35806 13325 22341 71777 60718 49785 17137 60864 30317 80411 92429 
601 11
94757 63440 71690 89734 67317 26911 5774 41848 55818 77085 35850 
9218 11
50339 8590 71906 24201 68963 23172 27311 70639 35538 89612 41448 
8663 11
17711 97554 87246 6134 60655 8726 38608 49876 9850 43539 56195 
5968 11
24225 52656 17157 19106 45326 34276 72515 15547 92878 53808 25980 
8870 11
93405 35629 50069 50887 9805 81469 92039 97506 18761 12501 44939 
1062 11
11025 84559 61726 4562 12491 46832 36696 37161 29627 50429 22742 
4363 11
3564 9418 48431 33321 97137 63050 58780 60105 33146 31016 54 
8064 11
96068 62486 42075 61941 68566 65211 89668 76477 52746 41236 84173 
5299 11
30447 98286 79448 55542 86125 50784 60588 93645 26872 54506 24657 
6645 11
73926 22571 5018 6841 98520 80150 55235 68788 67775 11090 82989 
7990 11
87856 9040 35875 10398 85600 77378 31814 80523 13950 73836 57971 
2782 11
35129 20879 39935 18103 7826 64784 82323 8202 13815 49505 81573 
3216 11
70762 66583 81216 74598 9436 20333 72361 74588 21563 79179 14944 
1459 11
1646 37665 51146 27701 22510 45499 31858 43644 78474 70489 935 
1549 11
52239 39536 47431 36648 61854 92602 25013 5245 78457 52007 98461 
7342 12
43123 70137 97495 50454 46114 58995 42109 29453 10937 9383 6268 60460 
7562 12
58328 445 69906 78604 23574 79236 10861 29837 15900 71421 94315 34662 
4 12
7431 7521 24927 50423 88055 14116 89089 75782 39112 3437 84490 16808 
8300 12
92704 73038 54196 15770 62377 10836 41532 60051 9754 31408 33813 51039 
795 12
75551 47534 4092 89344 13856 61631 70711 81509 62514 18318 70695 12957 
1415 12
60818 12331 18746 86353 36581 83073 89423 11057 67311 35560 77295 59570 
1403 12
42019 59518 60650 68456 80403 94238 74162 10231 40767 58077 8000 55951 
7468 12
85876 13598 6968 67830 68262 82111 96293 26244 33073 37412 44624 71658 
6299 12
27430 5192 92565 88770 34082 19280 11206 26214 756 70426 37835 26663 
8249 12
37418 47985 96403 57437 65543 28731 3773 13897 91503 34308 38780 92133 
7772 12
39201 28204 57253 17269 84743 6211 15105 50607 36483 74627 13011 77984 
5679 12
67779 82716 26720 43007 91102 78727 9884 3053 36692 11571 73192 76256 
4313 12
78749 59 85470 99308 48231 45976 30755 21468 27686 11128 53735 4332 
8463 12
98328 12765 48924 62583 28120 81485 6843 85826 97791 28102 27624 5600 
9738 12
67808 90910 65988 61396 49316 91283 40248 61321 99559 57908 5879 77572 
6754 12
60674 16462 6136 9716 73946 64971 69574 48874 57188 47046 38055 54195 
4472 12
91501 6311 35070 11639 13360 22 77229 24982 96709 68847 44076 74212 
4245 12
49757 30999 62112 95230 30077 51737 58098 13323 13249 27749 1261 47418 
9632 13
91243 8537 80027 30482 50180 93968 30694 80952 87415 11726 56254 47147 31243 
1678 13
90171 77902 32136 6096 4577 25878 22522 8723 64248 77147 88823 81415 68073 
1269 12
21019 83487 42034 83339 84144 88351 43551 65460 69219 31493 16327 65737 
8534 13
29668 84520 77373 57696 80071 37898 84302 74239 88065 86509 17498 33987 93623 
822 13
77812 13934 83102 80095 9044 77822 8699 70989 36123 44944 22919 99608 922 
7052 13
79572 69910 40929 58635 27824 87600 69557 62402 64839 84321 33603 79005 83861 
4166 13
32465 52657 80654 87852 2875 7037 30910 30460 855 76300 528 54322 69496 
9956 13
84525 34601 86895 882 46911 73679 38387 51185 97509 32066 26478 39065 83481 
6934 13
48481 8692 98240 16373 86885 37761 32950 74367 71508 61838 53983 24894 31381 
2898 13
39434 27128 31889 18833 8979 96321 40590 4151 15175 26924 3733 69486 73496 
3324 13
63905 77126 65658 63487 27589 56075 16067 80630 98469 23321 6316 29258 49851 
3556 13
3563 63910 52999 65954 50333 48648 94722 47632 92042 73588 8144 21007 23675 
2386 13
29437 82456 3100 75001 59997 99353 35659 17124 79983 74830 71459 68008 75808 
8176 13
91599 16290 18106 57667 42862 44656 899 86706 40020 14198 9621 16355 14628 
9450 13
37346 26656 26143 54552 34613 87559 7204 65268 4898 24297 15265 56124 94101 
201 14
97865 45238 37292 9003 43702 10122 22782 41939 36432 16015 71506 71461 55418 59402 
3355 14
74434 28338 85455 66233 2186 5956 28985 17052 82099 3972 16639 53909 39247 67063 
6662 14
46197 65002 44556 33638 59662 53378 77505 95718 63706 2576 67410 64323 11990 22401 
3139 14
31857 53065 39342 37825 10883 89733 71431 89178 38151 72299 30075 42701 82019 31626 
1568 14
91789 4870 28304 97741 53185 89399 59420 43656 34664 88410 11564 88676 97471 42221 
3444 14
36044 69317 41648 98937 58910 48528 37457 39250 17112 44469 68979 28590 80839 82303 
3359 14
42643 60390 85157 4629 121 29653 67275 60622 88827 21187 98757 83642 10427 35819 
5395 14
91867 14443 64446 29861 88841 83636 25769 2381 30319 46964 84003 83314 55325 14431 
2810 14
19061 87619 45996 31727 6405 97101 36956 22565 19048 89705 96518 88796 51528 20616 
3970 14
1978 81727 88203 58686 80384 84154 90280 74394 55513 3427 32750 55053 37441 2949 
5665 14
70373 90147 3460 72290 74985 85810 83759 9186 72065 23015 28842 35461 44135 22498 
1044 14
46398 2081 51997 60633 60159 46663 35191 47616 36160 94797 60239 14907 72992 32697 
5434 14
303 89994 76683 79426 11018 24010 11851 27595 90886 88996 47199 42230 24601 59957 
5999 14
96427 33623 75664 10128 89070 75402 42056 21000 69509 70701 50054 41739 11566 59137 
6038 14
29502 8411 22669 42732 82626 13308 12651 13630 55969 87232 47571 27151 5541 59852 
6970 15
37088 39051 99291 57776 61585 22466 52680 14732 99953 89421 46138 56262 46258 6427 79380 
8860 15
7541 22107 86828 46033 8608 20185 84585 78009 88729 41353 20279 14415 17304 33211 65666 
6559 14
85010 79134 60536 69005 59253 79197 99683 63406 20328 16951 43420 32993 54466 77860 
9207 15
98717 99601 20404 92322 52375 55619 31623 16170 71464 81410 1997 9954 5809 26043 66648 
1698 15
22986 3676 44856 45256 71999 94993 79537 42392 21794 76181 63002 63603 42802 86634 86330 
6358 15
8841 28890 80031 31301 95859 31332 34072 24049 57792 24699 25838 61447 72205 76175 59815 
9631 15
80957 52515 42284 16931 82475 21990 83914 44312 63657 59079 97215 9033 12160 77546 77845 
2096 15
41407 68181 49534 31719 46189 85637 64529 46889 90985 16507 68033 92079 50863 29115 34037 
9336 15
4034 18473 66404 31985 70375 89465 18601 95682 7095 77454 50935 98817 14610 76358 69072 
8730 15
95584 78006 75695 80550 63838 54180 97591 70577 17254 99517 99587 28565 38448 3066 29795 
9236 15
15880 14078 72734 64176 4648 53779 83624 87922 23296 99826 50004 37187 6993 7733 96940 
6866 15
9448 8553 4819 98480 91368 65174 30622 79346 64764 31645 5166 25496 91496 55404 91843 
3418 15
8222 65342 12207 4314 48325 39322 28143 67750 19757 37794 98243 92780 96870 21134 78891 
4747 15
73658 90051 67265 83455 23270 85373 39334 38173 18335 77851 62706 88551 66118 37252 99026 
3883 14
42944 99574 97903 33589 81808 52270 24416 45299 73083 48709 44369 73176 51928 60726 
7673 16
99132 64448 52006 82362 6644 68285 94684 41965 86700 50561 79896 85973 33619 94213 3346 63693 
1955 16
43861 47635 83997 76191 83672 85930 23107 12622 33254 82553 18445 29199 63577 34815 13105 59067 
1131 16
59249 77562 1711 76179 29938 63375 77825 57994 46634 48814 84936 51954 27654 10202 84751 90313 
5183 15
30363 58191 77213 1046 4666 12674 15475 15272 87588 96415 98307 67503 34946 16578 40603 
1207 16
29096 79181 38583 13873 46375 74174 80465 80714 39224 54540 48526 70794 76575 49805 57280 97222 
5147 16
3587 5397 98183 4505 11510 7494 76297 53547 72695 22453 35705 72544 62803 88450 25915 44093 
4293 15
55306 56494 14851 8995 96517 23588 39038 16419 26784 62345 50667 44940 19721 90629 21361 
3568 16
88971 40438 1417 99956 38169 15600 3120 66803 34112 38570 37582 57089 5430 31134 9324 20511 
9822 16
80800 63649 78886 46839 73474 17524 64185 23017 6489 99995 33601 15665 77581 6557 99677 49397 
8442 16
3051 81760 21380 56021 4402 60925 94525 57194 33149 94676 24532 44710 85364 6592 84745 27227 
311 16
99037 12715 62846 14278 9234 23380 81915 294 77658 98158 16057 25499 90667 37806 61621 51679 
7046 16
80987 47103 78957 57174 20076 12637 78128 9189 90356 86474 25156 59209 3432 19097 97324 68407 
6355 15
91485 50907 84084 20133 33872 10185 31177 17030 97645 62766 70258 94618 44783 65387 56480 
9024 16
88751 38005 81011 1252 41138 75792 8309 26190 23986 37413 53122 77364 61420 87804 80736 35144 
7259 15
5724 14943 44513 28395 25195 14752 76989 32807 40291 70983 40686 72463 28376 28997 65832 
5250 16
16310 3481 7011 49622 62578 77412 87670 36612 53617 53051 86246 87580 29546 95426 31086 71929 
2584 16
26296 64662 58261 96394 92996 21542 12255 25590 87498 32934 26763 66643 98378 65610 16831 18825 
1292 16
22361 87426 33342 23058 54443 62702 54394 54836 87445 84263 5504 96964 25891 29470 56562 23069 
7384 16
32486 24652 12128 72666 88240 62313 68034 56831 31705 82847 22345 81332 95648 13395 87360 56319 
4032 16
96724 68112 7520 92981 35908 66853 40324 14852 32155 62227 59059 20194 52001 75291 51048 42375 
8079 15
18718 88329 8205 7197 78175 12234 40346 21614 82065 78690 14251 81894 41092 42415 61137 
1470 16
65082 12250 91232 50506 11762 76277 80351 23366 40701 55394 58597 25241 88669 42391 14903 95132 
5133 17
58590 6293 92591 10317 11041 96547 26207 99482 48956 93696 64838 39849 38288 20136 14061 28588 17263 
9413 17
87152 9212 8928 77804 98988 49055 70530 56866 77867 49797 41591 127 43304 78612 37757 21171 41002 
9536 17
78845 7833 96470 7034 38237 98834 86746 96880 23190 95844 43091 40451 9114 47966 37821 2979 80553 
3156 17
82727 41314 69169 93278 5883 43827 70022 94725 50115 18056 17659 60921 20300 44433 48445 68184 41816 
7995 17
72285 76518 30852 47295 55364 5768 95027 77993 38128 25285 96627 19974 64041 78404 7514 74621 28990 
5740 17
89731 25400 33271 87176 2704 60241 66368 55359 58634 76978 5259 13430 20081 28223 97658 72032 96584 
443 17
21264 33594 87797 5945 33760 10909 37258 85483 37035 3727 86652 64990 76426 42772 95909 41537 95877 
8673 17
30594 85016 55372 66372 26241 49139 90983 42713 2635 49726 5764 19193 39802 36169 55022 65759 41820 
76 17
77142 54818 81635 66622 71229 19617 46769 91509 1634 99304 21821 95928 7302 98446 36898 42055 67143 
8651 16
18893 67789 50717 39508 39193 49211 25462 29347 51171 43346 39478 49212 40752 89367 97194 11361 
3921 17
74507 46074 89729 54401 43430 60181 86890 45079 61771 15053 76490 89556 43480 14659 85820 1420 63852 
8174 17
21511 25361 70524 1372 70808 609 17294 61041 96761 16501 52739 77403 89563 31207 86736 13926 28054 
7005 16
38045 62622 68978 42667 87675 77842 31766 95367 99761 17223 22817 57825 93059 47204 86192 99895 
9139 17
58246 23623 10873 9723 87919 14898 84966 33621 93889 71303 42268 64792 6884 72003 15943 95334 92274 
8283 17
29584 93624 778 91275 69572 75951 75797 81890 34666 96375 21288 93762 94482 52552 84177 13885 77395 
9575 17
60167 38374 67740 59233 56036 12528 89054 96219 6882 64191 88866 54694 8687 46723 7161 89330 156 
1843 16
92956 62212 79895 15645 45113 6511 60475 36624 87532 55459 28056 43019 20750 76691 52837 54642 
3306 17
74779 46355 37296 33651 37210 78504 79610 41945 78551 49472 59778 16998 91251 51387 89523 62590 83493 
7584 17
18981 8135 86386 51486 64265 23420 72986 99672 21488 62506 92705 71995 1783 17949 40246 39153 75741 
2074 17
9542 44979 51412 34582 69436 26233 99422 11830 93740 9539 97607 72944 96591 98036 22159 65019 59350 
5300 17
38344 1074 74157 1720 34016 68007 68359 66613 66943 64788 35042 79246 31632 95188 29553 48327 7991 
5263 16
37405 35600 64389 83457 32725 78398 90365 63602 73291 36344 27573 805 38744 15260 21385 41725 
6464 17
42483 51166 70117 7421 42093 49221 8972 37271 88610 73743 78557 58880 66338 19163 71231 84763 7568 
6779 18
2282 28854 26920 97360 47364 17379 64219 23458 42236 32041 81514 64426 96152 80698 41851 55496 47812 24773 
666 18
13783 92957 26993 58181 71517 67875 25193 74264 6572 21912 14885 9951 36233 57487 30881 99567 14705 2834 
2458 18
16162 24514 47298 44793 53647 93986 28094 13855 29017 48316 42765 27462 24281 64735 78002 88267 23528 21568 
9132 17
88197 22186 1267 52541 38312 59590 99301 56998 3276 86824 57931 16434 54837 86032 35203 51747 75591 
3204 15
38322 73931 50962 72901 24222 80223 51307 19656 5345 50599 77101 89802 1557 90596 27379 
7492 18
37917 3343 36600 59222 6564 47924 3106 46627 94452 8586 95147 80355 74579 80328 75856 55292 5958 56726 
436 18
30423 20540 80284 11589 48725 78386 58907 57743 94503 73634 65951 63990 96497 6930 6619 86715 15140 41981 
3815 18
60964 34414 23933 42691 51966 32339 46480 92909 7154 4154 46374 18904 61699 77166 63161 77528 14465 17945 
7026 17
40458 75105 33196 33688 7860 34018 89158 21756 71221 28224 23830 2780 45019 36760 20501 47326 6916 
4730 18
31199 33724 67578 10529 68770 58981 60544 70758 9219 76991 66066 22078 40011 49594 76599 87813 70749 60736 
4963 18
62023 31380 39937 44372 61153 36289 21360 28048 34875 21883 99191 28802 32355 13355 42460 99629 67334 47826 
3340 18
76201 45755 37866 64382 77225 34884 33191 7453 96673 31484 66710 1489 46621 8177 89643 23964 82696 54815 
8633 18
38962 67844 9625 66129 98111 46064 24477 8506 45900 65450 24125 31777 53911 39974 46131 44818 6963 71976 
7571 17
86307 47873 38860 25497 14527 35514 20278 50211 92146 94825 98311 78861 77627 46106 32320 84042 14748 
171 17
6770 77844 46997 28062 19756 1041 96480 52473 96439 83172 14190 76712 25686 8249 43211 93834 98551 
619 18
56635 19497 21046 32558 40418 28694 94035 5153 73884 63639 90525 60621 93396 69605 29412 65213 75448 62088 
8750 17
56668 44610 49185 88161 83312 34853 74777 22364 31847 38092 62683 9468 7264 51553 58401 92134 32270 
853 18
32160 11000 32916 59277 89060 83199 12851 22336 26715 28523 29122 13958 56000 78235 91403 57405 35198 6295 
1555 17
57008 6024 59340 4985 54372 84057 35507 16113 83990 22605 11313 23692 43350 13741 21476 93744 10250 
1656 18
25507 19251 37811 44711 24609 72509 35245 60616 97291 23470 61273 93771 65224 88168 87475 43936 1053 86226 
8856 18
30784 38140 40028 51397 9159 92966 24370 73870 10002 48490 11143 89133 93358 52675 11056 22229 22168 84352 
5456 18
71499 37659 22032 82694 2724 2203 25761 36677 59519 65290 23064 83731 87086 8211 26549 6079 52154 57034 
9298 17
73334 69121 33256 39454 54793 62084 58005 69516 36779 55680 15972 34485 31280 26414 72773 70235 47822 
8695 18
94710 15204 68652 41061 81040 59758 45625 79720 27877 86649 56484 16115 88096 90469 81554 66047 65975 49874 
5992 18
60611 97239 96542 72864 84303 9899 35818 33392 70214 25656 76410 93708 43879 56265 13735 63560 79453 48718 
8505 18
82264 44883 68816 91543 68405 75626 70781 99498 86182 40259 63958 64527 53693 35399 62215 10869 4848 51950 
5222 19
93170 76267 97060 83599 59049 54397 59752 17264 4876 10641 80462 41400 26173 87267 9465 68892 98254 48701 24693 
6459 19
41535 85041 50834 31750 73898 53526 13996 61506 81837 89102 75475 81297 62132 39579 57409 18836 98174 75329 19844 
3788 19
26619 98751 99265 94641 20309 91594 79613 54384 94356 89924 67305 5704 89413 18810 45294 4613 54710 35027 20704 
965 17
25266 48933 94083 2703 35736 59425 8982 11146 77830 64067 83181 60949 46573 96799 66258 54433 92841 
4297 18
71757 50128 596 5924 77693 7838 40293 75660 19612 10514 40342 35826 55765 8519 28652 81533 85081 41818 
9211 16
59839 53659 1390 49402 2447 78020 95659 85039 98128 51143 84030 85682 4542 41582 99321 51184 
2376 19
20487 54962 24430 10170 37443 15707 98333 12138 52992 42899 91467 23742 75624 49492 88182 1632 77479 93898 5633 
9286 19
91755 44411 78822 5441 4490 27276 86477 12145 33249 26962 4073 43336 66849 87900 11219 61292 50225 99937 26395 
5437 19
99313 63416 49865 58359 78972 29133 40517 90727 36537 39244 84137 70941 62156 10326 75118 19419 94845 46209 37541 
9 18
83907 35949 18888 95375 83380 75171 67053 51373 23584 64402 32264 90178 15538 72742 21205 31528 73654 91115 
832 18
86392 44419 4567 17213 75680 3870 53142 98497 85275 4118 76482 26078 89198 54441 12923 29059 42719 29746 
7101 19
91494 91892 27529 25994 57753 24687 38707 40947 2410 64226 11319 92569 39203 69665 32767 6310 1131 51475 80942 
2985 18
95068 73927 84273 23427 94195 60130 81301 31850 25908 61028 96818 51017 43834 33431 34879 84959 85650 18528 
6829 19
50086 74908 69860 45522 60934 11981 25090 11544 6498 60881 34523 27337 2609 52615 9010 54721 68828 83846 29348 
483 19
82157 33160 35897 76401 60976 95567 85773 31983 96505 28793 22428 6826 72158 23936 55175 32841 13374 64702 31641 
125 18
24320 656 11431 98081 11494 45043 36357 52647 24555 42699 61022 25834 5506 13083 38475 17310 27867 33912 
4151 19
16075 90768 64586 61369 2007 55596 80372 50777 4293 83535 4716 81026 23247 4371 21082 13876 1414 87260 94044 
7882 19
19528 52830 20779 70924 14164 31968 13054 28478 54913 75740 59705 96887 89172 35166 16120 9650 41924 26343 74373 
8980 16
82184 93758 10443 62517 87720 89455 38563 47794 89104 40741 3363 19127 51046 71553 31898 66435 
4431 20
60032 27275 5799 28784 41381 14772 18859 45797 91132 38796 74076 55114 55444 17664 79125 86464 57498 63847 41337 7277 
6132 20
70814 31537 72999 53964 3129 86473 31414 51697 99616 35404 82418 98166 70159 26482 22965 49399 91995 7367 24486 78304 
6937 20
60107 2814 64550 26012 15426 44769 20272 97743 47247 80846 89923 62652 62072 96138 90470 85692 6552 36164 63659 33859 
8252 19
41332 75849 1999 62528 70777 7933 36026 36571 43887 24053 66036 15644 95482 37139 23250 22870 29847 48007 82089 
6732 19
1786 73562 42076 51248 20435 28875 13724 18926 41210 8321 15518 54041 68300 5703 6926 64978 93576 29216 63448 
6309 19
96428 48809 45999 17753 93976 95180 26640 38955 38032 82507 95246 14653 63596 87322 75658 86093 11607 80460 21737 
5959 20
55488 7456 77538 77394 80143 96085 99849 46385 35242 46878 35526 73741 32423 43306 72923 87472 82786 63552 30054 38771 
3301 20
19561 35755 1990 19556 16442 25109 38908 40547 8738 31788 2972 70229 4023 96993 92476 17449 71697 87044 89106 4947 
1785 19
25081 2644 23466 28923 26014 3713 89629 20710 13637 70753 35779 8805 4612 83641 67301 23543 71438 72860 75745 
5850 20
10978 37964 29926 83442 27306 93765 61219 77873 74062 84580 92879 59268 90104 59172 17739 89722 59326 31379 47391 95232 
9800 20
21735 37308 97820 29458 72219 4382 83343 42314 62235 87909 16573 23887 29173 50977 62670 27170 72334 65584 84088 39110 
6031 19
89846 89317 77082 28934 64514 69625 99007 23922 68286 83325 13299 32328 93202 25933 12241 55313 94439 70466 76663 
369 20
13634 79272 92968 32053 78547 5709 30841 9739 6355 3212 72504 42756 26625 15393 68137 51246 74289 9741 77410 35058 
3613 20
26915 25581 14696 4461 28634 63209 77609 37763 68941 64790 91166 19254 4368 55759 27244 31038 30742 21856 43355 44158 
5287 18
78017 3028 69034 84768 80276 7137 27536 6389 25182 28737 74984 45300 3206 25386 61540 70320 10141 8987 
5483 20
19870 43895 61410 64670 56583 79057 58692 27152 72869 54838 71115 6052 471 31651 3007 90682 85428 70522 53064 48618 
6717 19
87993 32544 81339 62589 83653 95454 28162 14982 33661 74352 25539 18367 26392 2492 40088 68371 52310 41992 36096 
