40
534 2
11310 90759 
528 4
22774 13293 96956 14531 
526 7
23620 24284 65560 69044 34486 54067 61941 
552 12
25992 64790 49661 26350 43328 19646 55545 47379 9877 37990 94290 95124 
525 17
88370 39784 10599 44298 6874 22066 4193 20508 3367 14029 28795 20400 17325 9710 18890 42588 88835 
541 17
53375 80208 27260 54475 24930 34813 59810 1339 43135 30209 65129 62190 96782 93418 93491 51843 73074 
524 20
66628 47161 31989 78043 3540 26317 35009 26376 71978 17396 57099 54505 62583 68453 71424 66915 96624 75022 6443 14061 
523 26
84276 4355 532 49100 11787 68257 89560 2984 46326 31537 21945 65967 82453 12835 23546 54518 60953 34141 27839 20695 40051 11314 37087 67976 2500 31892 
565 26
9327 68289 99859 7647 82707 47926 96649 11480 81791 21867 11011 54181 44973 28502 59448 15498 55720 77673 17779 18298 46138 34974 49006 73215 23335 86886 
579 35
48049 9630 88599 76356 72681 28072 91478 59896 56983 55319 87316 4686 48126 50682 54827 52651 58451 80636 98022 27616 81671 54273 71505 79907 38075 39817 63203 10805 52371 41161 53585 7516 99090 88228 13442 
513 42
5536 23865 22232 91945 33387 40119 72684 31024 27142 99427 42501 10578 37678 23308 34405 84096 52300 42597 96109 10980 74241 61765 75179 77766 43107 16730 22962 74621 41166 27582 77020 64076 584 91420 61091 47447 20431 61045 67496 85157 69118 91819 
511 49
47689 43845 41846 74445 99736 16197 19766 31883 36165 72935 54651 62629 43818 47742 56511 85058 93521 45851 11627 55054 31553 78992 36273 35136 16719 22550 55379 15928 49445 68971 78982 94899 1151 23974 26948 18614 62628 21832 56397 89482 2818 55438 67832 34535 9074 94252 85705 99608 13245 
509 53
74740 46437 81518 25625 16945 32383 8938 47484 91207 80439 69542 84477 48377 3250 20163 81274 48742 33614 23125 33404 13289 5832 79232 15908 41679 82305 36663 4861 53159 53038 38107 98630 86921 5987 65949 68558 96672 97429 4434 85018 76196 19890 53026 98987 31206 59435 22060 82782 89043 31019 58657 1984 35147 
508 55
86527 35831 54843 38414 22777 67664 97776 91494 78639 33098 94616 15438 42482 8548 79608 8470 40278 31674 86873 42128 6320 76509 21775 82534 27001 58125 89823 48436 14642 26987 12911 70508 40355 70932 26380 76486 77402 15243 17483 38821 59372 96866 36454 5332 24848 93557 75197 77607 456 52968 13552 9937 1215 54735 12127 
507 59
51425 45077 91922 77781 37850 79962 29307 91444 89802 68071 73091 42545 56579 7114 46741 40440 92549 35925 17550 87529 49267 24609 90930 41075 85269 47401 2512 69961 28840 85696 12877 1043 36317 8500 53384 66082 15519 80991 17927 49589 87240 83537 87801 77010 20040 41748 14917 30716 55997 20521 44486 96963 83552 35034 34313 2189 32630 13741 6129 
503 65
4678 23211 77393 94156 16902 63508 72410 1169 78297 61171 86058 40281 41367 24935 93762 30142 40070 79488 9238 55602 98472 92157 90752 77517 23251 27499 41672 91954 67703 95756 35647 67518 13588 20428 3254 19444 11706 64097 56280 91579 20525 95334 96156 31687 7256 51648 30354 90136 94566 28041 94727 74575 27553 82451 686 55896 21549 8332 30100 68792 16560 37945 24012 90678 5097 
573 67
48504 37813 44458 25218 92497 23275 76974 68227 9592 25381 53740 55011 31312 62421 53158 39338 29048 31586 71723 36684 2321 18604 28458 87090 66812 62464 92018 64775 33501 35022 61291 46210 23447 64654 72699 54060 8043 3850 85698 87131 2159 56629 28243 3736 47816 17565 85806 44368 79926 36821 57694 91284 40908 15343 44359 20684 86124 78035 67446 13366 79304 260 98424 9867 72869 50772 25908 
502 69
70467 13945 24439 67590 87977 84511 75452 78595 38297 24493 9872 86201 70685 49643 94912 10293 37602 67367 67779 14382 74019 85401 87059 65077 54969 26669 19081 61107 49503 87378 24358 8576 22876 88194 50159 42658 47702 65407 51503 30362 9645 39548 2998 48803 17013 28893 26743 45041 43381 32892 21153 97400 14667 37844 78312 17389 30811 23410 65961 95987 25720 87440 74436 3829 57484 71363 92195 85470 98454 
501 74
14915 80737 57921 59718 74416 65121 7227 1459 9456 17074 9374 46580 20510 37981 3233 66882 14814 67105 79867 99651 83846 18530 97090 77322 56835 79418 40782 24688 65629 361 12981 21921 76637 71984 9912 28749 40721 70181 77059 29406 11399 45248 40989 31858 65694 75007 67431 12273 13519 93812 38494 51267 82435 51017 44894 76187 27882 41578 89147 48907 63533 44021 44076 34144 60223 32314 70025 81662 92250 92375 30485 37856 42506 31105 
500 78
45344 31195 38184 93630 63722 63458 16668 18948 39748 36951 23295 22537 58948 99102 38686 68680 55963 55830 39142 71696 60121 52866 49124 15357 78230 42397 13870 63930 54072 80828 62771 66955 12482 15671 85232 42468 79124 70279 6175 81776 39647 13141 87681 14412 76222 51705 94072 55735 4974 91920 89437 31590 91042 33097 83415 61461 79225 18092 27108 36793 93829 59966 84071 35231 15897 6093 42881 18300 15913 75038 75231 45734 33453 76856 64095 42179 82084 56698 
499 80
35072 22575 15140 88234 28325 60842 65473 31092 37501 93402 77205 26728 43360 94596 43338 3384 81703 64025 54781 15477 3 42161 42878 53974 7019 46446 75284 57356 10093 39645 69462 8658 8634 24863 40714 52928 7312 88630 60971 14683 23063 51443 97181 92339 96796 83235 6922 99670 95837 37399 35555 32813 2013 3963 81845 26303 92338 60537 98289 12287 34747 55073 55007 14393 50592 85803 81598 88225 28953 24714 15955 8893 5197 44496 49966 8386 25090 10793 85906 51838 
543 83
78849 7484 67616 13407 71366 41289 50603 86194 65598 64296 27483 1263 39656 73725 53273 31796 36876 92396 94869 85452 80056 20723 41991 11025 55936 4261 39501 71044 49937 91282 74405 14231 38908 89146 68320 98912 64333 86666 96765 88955 31587 15418 79101 55125 12827 67358 61871 69160 96285 62895 42390 76598 97167 81715 49790 18193 10780 86106 38055 19175 29869 78396 32046 29010 14341 44063 18836 6504 22633 92690 22171 26245 89347 43535 14828 28654 25787 95076 10591 76558 15994 96475 74965 
514 86
98153 44179 19743 79467 50234 9301 96253 65055 7053 42832 35928 18565 4818 73214 26723 5176 20617 72959 45740 97801 93256 75669 12634 99371 63387 60485 56702 31678 10692 56182 78027 96353 73248 414 46866 67507 28931 89362 28222 14926 5027 58337 10924 70636 46018 20796 98879 4286 50580 18690 13400 99191 46089 79090 24959 61460 65660 70248 31798 33928 22891 86283 56247 10256 18399 92805 23476 85406 29270 20164 55436 45517 94155 25357 34533 47199 33320 38636 32989 49619 82076 38831 62730 83160 18397 27186 
577 90
34021 40489 43527 32794 32692 58884 32478 95519 62946 25052 77012 31842 77703 55187 81011 88479 45657 5844 31094 81902 90657 51582 77636 96554 22853 96934 92086 56240 73975 39891 91406 21407 46624 26205 4166 72812 54099 29911 34447 60476 32647 29467 8059 5048 38524 81024 31988 28440 85245 39843 14801 1091 42886 19128 13585 85389 23625 77868 99048 17381 16808 57816 22018 13929 35557 19450 6673 80552 97201 21052 85570 13145 48403 24625 92925 14015 33677 98258 22263 11822 63899 89740 94610 98056 70662 61367 93634 62376 33197 33654 
576 92
15286 40611 29288 78329 37757 39545 42526 53664 34178 66695 49786 76929 21824 50546 87176 12244 58552 62514 27379 66743 69546 59615 48241 85605 13714 96315 5635 17282 21664 7569 40101 14731 73408 86929 25346 62881 19504 92694 42302 16566 12422 91341 36892 4645 26080 965 84208 25394 96714 80503 39562 3652 40616 24568 64866 76409 56083 9624 67122 7544 73355 57974 90595 95410 69904 88210 31924 61917 98315 58466 4242 97187 55217 9943 98221 95442 54515 29046 52967 12454 32127 70903 28065 63531 5200 39695 88160 75558 67385 16239 18736 11199 
574 100
6866 50268 64295 4793 65069 72318 58509 35744 5697 96306 46001 31790 77017 314 73285 73686 45170 24680 71902 70098 46830 10445 58706 82072 199 81084 96388 29306 23196 85316 27829 18674 31769 86549 73740 6514 19663 6071 52581 10145 21852 297 30579 95557 48057 66417 1875 63090 11179 79836 90516 14738 99927 73824 73851 69170 31052 64410 97771 57220 30512 35243 38361 35115 84084 33136 60411 48088 82927 45319 89914 92112 29018 95524 57090 59821 48107 46528 78969 47242 67506 28879 37823 50147 25929 6958 16236 66073 10567 63453 44869 90290 85207 3893 30249 69367 49630 90153 68941 79966 
572 115
27337 48576 19792 54014 59820 38283 51492 74377 76767 20750 43106 4770 68444 54770 22883 77433 54863 63434 9429 31160 49504 34921 9819 23190 84824 52035 75181 11495 43780 23277 48191 47057 9399 58435 24138 84850 48740 4346 14971 88266 74197 61097 74454 39867 7924 29103 76439 45877 60430 52235 71302 72458 8049 67072 62076 79260 37590 56877 53589 78629 66439 67058 18022 77086 23026 84659 14008 80203 94018 9002 13061 55276 2913 86789 44082 61760 22564 23979 43503 63236 67414 78562 97507 62758 32608 63168 83694 18410 37974 60357 56998 85951 31854 5194 70133 83973 80758 84528 89655 51531 83861 32806 55898 62574 30070 39450 20328 80221 16578 88773 37134 1446 38687 78742 7232 
568 119
7774 75152 67285 20369 1638 16727 36834 75069 31756 95197 38201 64267 40920 74937 36874 11520 99373 19073 17579 32639 95876 17404 6420 20340 24245 79412 9262 7757 57944 52745 53934 93949 1866 42510 44559 34716 1524 65424 32627 88934 2802 95414 7701 32086 37738 29583 22824 73568 33195 78394 34149 26911 38232 75346 85901 98414 44310 12639 28878 2728 39875 83977 22882 55613 10023 75002 34475 78011 68783 61333 74028 32556 74626 42121 41246 42308 59814 83392 42766 8491 71193 49275 93810 54350 6511 48706 76206 85079 46199 37130 58871 32835 38379 91246 6057 6562 81342 97610 68724 88904 38286 63681 61147 48960 30237 54298 48062 89754 97125 72491 52190 90409 33843 19923 55430 35409 89901 4509 68272 
567 124
70250 28794 18761 69413 98901 67503 28939 13277 923 59162 30302 14659 18181 60277 61448 13851 65289 92045 32377 6317 83878 97742 89603 99029 47082 52263 25366 71467 18719 68841 20322 87363 24116 43464 93487 52669 75652 2067 84783 44440 86035 86627 54611 6322 98420 42724 15786 5749 41563 88412 13242 29343 57892 85822 11204 84381 14968 19356 85159 12254 11760 62042 76365 55393 28575 42619 65565 13615 80078 77821 80424 83473 82523 81360 15091 47065 41952 79863 19570 98310 40820 54878 53615 92215 83120 58955 23811 87270 82432 86210 8667 36636 40548 39876 57825 55766 86 1728 7922 62397 33829 18166 47339 13854 53906 99629 5650 45091 64213 88840 11739 49054 1197 79058 32506 42517 86652 46332 42140 57241 26294 87926 70698 40776 
540 127
6157 22070 42709 86064 3973 85704 64283 37846 22813 8461 63889 30414 73606 79723 15401 11362 20113 73696 95657 63632 66906 98617 68669 14875 21461 52485 40386 36376 50615 89303 61842 59134 33450 77756 76150 35929 66352 41026 88112 55331 94744 48360 23996 32783 51148 85970 10106 24954 37104 54147 66750 69174 57881 89114 56875 46151 6955 10657 34567 22301 47601 62284 43732 81230 45631 10017 40780 29741 86191 80257 16242 51427 75451 11478 44435 34211 54201 29554 25449 45040 31155 4506 6154 95283 63813 15422 97571 20739 33688 31451 28228 33185 45127 58795 27677 22405 15464 81155 6493 25356 51964 3253 22073 2570 2004 47483 1445 35513 68399 94264 20540 45087 17511 30587 66402 73806 78455 11824 97338 74992 86466 25217 11756 8783 35575 93470 41091 
563 133
25931 16191 59484 22157 33580 19775 59822 52546 91430 46780 66684 38253 82543 97656 11441 8050 52285 63689 28793 58905 22143 33231 3642 1503 7828 75661 27879 44176 59569 2738 15120 25607 78577 40874 56124 57573 69709 38207 98906 32080 89532 79300 79964 40058 13869 54041 52605 41231 5969 81038 17016 83761 2467 25943 67712 87783 52604 21465 54135 76678 98641 60597 20978 59664 42703 17698 55147 25140 77080 85170 46401 32574 84296 53449 51045 79659 16847 81127 56674 26548 87245 33431 74755 83852 19700 77447 3961 7146 75761 92843 91968 95582 48467 42028 38888 15796 51800 15213 36018 74162 49342 97145 72855 13625 72933 37363 23032 75499 53007 24204 31336 86473 91521 40964 23577 23150 98518 20128 85313 99526 88748 73459 5550 97132 5855 24989 47190 58575 16177 29528 64673 72439 253 
562 135
73697 59457 17664 71741 27018 56099 79469 72749 46831 68492 54066 27762 25656 64235 82746 22690 51151 40362 82877 96429 67488 68094 41144 10432 14105 55599 22997 22285 46509 13152 83354 46073 99365 29197 45363 4758 69256 73915 47314 32457 21537 20397 4575 76619 21249 34637 55794 67499 5706 34201 90453 82225 14337 10237 93016 17265 56047 85386 52287 99892 748 80362 42436 72958 6801 54013 38064 59550 73115 12935 3312 92971 72239 95435 88899 47284 50185 68907 49738 1157 49102 66853 30904 70687 18656 56878 7339 46400 59689 65840 64070 41477 88538 31341 12247 70947 33523 85153 41334 27546 77509 94803 88073 30447 45623 9663 76126 73978 68944 5771 72368 72803 5858 83803 48125 89403 38624 78260 5376 37482 32631 47247 61039 46318 96773 57014 55665 94487 90817 98965 90123 23117 52025 14396 18952 
560 144
21809 1389 64197 30833 8322 6427 18907 6983 18231 14590 36504 33027 35722 28431 12578 98160 35436 23768 86032 9109 37843 35593 1812 95059 20059 87733 81696 10185 51184 36357 93426 10678 36011 9541 12728 29177 67096 90938 32826 33220 3876 71845 49131 18777 33235 16895 54433 30680 91623 72251 25669 60557 22627 78678 1856 90548 70965 89623 57232 97476 50373 11762 8124 57589 49921 84438 3631 94849 24486 99272 87635 66641 50464 79140 96003 75491 1258 95048 98818 63875 95218 16683 14980 25565 58392 85538 71329 94530 74340 66588 45683 65132 5703 24209 70624 1681 58896 50822 40829 77977 2051 5506 83270 59326 4990 83844 75280 57747 18450 36705 56892 23576 35507 46553 26568 87520 32516 84053 43092 56381 8566 10777 94989 26933 58075 93902 7442 48658 96330 34735 49205 93423 40397 10406 1319 29289 8517 77913 68489 75690 52013 33187 42048 44445 
558 149
50981 94649 75699 7959 57719 40966 85963 84213 18487 3086 39204 31251 19216 218 90145 49909 12205 25404 73429 88743 45329 15059 32316 16106 61077 76163 92998 12960 95949 20523 52367 51893 97508 61265 39673 58460 28669 40607 65634 10665 37339 27493 83517 31082 76272 8077 18049 28462 23090 64338 10433 81415 47421 36881 82542 73191 13291 64628 78818 52050 16316 1721 87218 85629 41560 47045 23235 51491 82029 68619 82090 84941 30461 88077 53019 73316 17070 59227 13846 90275 91974 40301 23451 40277 57185 80633 6961 43076 59279 78241 85273 58305 52530 80366 20606 58133 67016 50432 87157 91759 57802 63162 26577 19871 13706 37069 32349 16624 1068 63774 51321 36362 55415 20945 39270 55047 13611 25678 41677 61658 27758 57387 82716 12346 91643 89942 64683 37580 30041 5739 42016 73667 91210 14512 12227 8906 42477 82410 31370 26011 44230 32720 63423 9845 13217 12073 37136 15048 4978 
556 155
9500 65854 64433 88273 92564 96757 36426 94725 77227 51839 14097 70099 70307 91303 11718 45075 15499 41105 32811 34763 65683 7587 92098 39622 89445 38830 4222 62418 9917 70168 47427 2592 97202 95935 71002 24367 23492 74977 92976 37577 16505 7755 95584 97100 82917 92341 73124 24342 91241 45720 40975 1844 7672 87244 19624 14648 54817 47997 72890 67461 57640 10908 87203 44229 72595 99876 8159 83839 95936 71330 74962 44125 67468 35326 67281 8471 10691 61605 30069 76613 28783 23269 35236 45504 64764 98802 5326 9213 96630 21502 95441 70243 59948 18286 46280 9825 70392 76144 62916 83022 83095 84159 5247 49086 17942 17596 88076 60526 12241 86721 55048 90524 96535 53688 98756 13136 8609 11461 97589 65491 43168 68104 9969 3508 60503 31588 84514 42178 76304 56585 90851 53151 72666 24961 22719 63495 78888 46421 3208 18864 43133 20099 731 16285 17541 351 92109 4365 52418 54722 10790 92199 18619 78807 26606 
555 157
75904 11923 83128 63860 75594 91845 13786 78285 17219 6559 16094 71593 73996 45542 56952 42819 30039 76504 36584 34157 18650 2827 85662 80134 28847 45506 80638 31711 74997 22518 73802 92137 23246 19817 35176 2979 53517 68972 70411 48895 6284 52884 81528 11723 55975 11687 93438 12311 81441 85623 46696 99719 18492 45458 19132 55647 77064 9642 58267 77522 21164 39415 15253 74956 69642 58692 72483 42407 49808 7169 44256 74836 28684 2001 31357 19899 50208 22949 21675 82002 7418 67273 5538 98943 52352 61190 52904 55935 63437 98549 19183 6978 52168 39970 36954 78191 86482 38852 61359 46614 69610 35065 41031 94347 73328 22063 18451 19361 66681 81980 63674 21146 64406 52499 38309 12765 96269 87417 72153 64203 7264 83823 77162 80477 23422 96085 21213 77431 68844 10173 22848 73859 12667 13841 26044 85758 55675 92885 42857 65245 29385 92161 74714 68087 68858 55119 5561 93986 1662 94907 88902 82610 76124 74691 44819 95836 28595 
547 164
30428 87437 87300 88280 79474 85226 798 98381 76789 82969 58673 67756 86228 81584 25698 47 12693 66298 2484 8018 71809 36434 31001 34851 55895 68773 64037 70833 10577 81579 34124 70191 78193 55761 63555 76065 72817 43964 64524 79183 65523 62603 49028 86718 58130 32161 90 82548 49035 13112 43793 23024 61738 20582 97195 57391 88907 13582 95326 79868 90983 59907 32551 53718 2601 75387 63606 3354 19235 67577 19688 23722 35943 84637 62083 75554 48547 31409 57322 54192 71184 46642 46892 32238 63100 45085 41639 63419 62546 97733 59509 4407 4774 46218 409 4510 53712 48593 55133 34680 89202 47869 53890 66072 3337 60703 53756 45844 18117 80884 13157 25049 38716 33734 20271 64299 60799 42999 75183 23307 43362 39535 74249 5415 15001 22013 5695 70599 77255 7689 5840 77686 68636 92495 13654 58240 88928 90515 52660 12665 67184 84538 23254 85721 40967 20239 72737 91169 2963 33129 40781 79644 98320 54956 7733 32426 51351 56509 79866 31265 12737 4158 12723 96597 
546 174
53849 505 14664 10152 24546 17957 48935 14057 2558 62965 10228 27552 76399 51655 97699 3093 36740 99092 11783 51373 44431 89140 28909 72621 96787 73495 58915 18795 3585 78841 32445 15956 94007 39605 47757 30948 50294 76034 31097 20744 1090 70812 12337 55222 3925 64847 10310 60198 56489 14188 5459 37333 49953 42542 45699 35374 33066 92671 60410 39098 23147 89420 29942 48495 6100 11705 46628 69147 19378 11727 62016 22938 80789 49293 82544 700 98054 8221 12328 43031 67168 23641 22020 6410 17183 23062 90916 19382 97171 10139 92552 72149 35765 15359 57803 95649 4688 35688 31997 49722 89095 30755 92566 27633 7131 67227 48035 8160 40586 98294 66195 99225 70647 8397 14898 29268 21349 49910 90659 86913 97597 18833 25616 92107 15366 18089 93446 8849 40226 90373 35244 52861 22146 58422 97020 84131 83247 14719 40646 3730 94992 2417 37931 51934 44626 24797 55146 66429 5452 46513 8981 48082 26924 38911 32364 87754 81316 36068 84735 60150 14744 62474 42457 13534 32661 84950 10697 96688 7280 63161 74783 96155 85819 63788 
545 183
65581 69237 61212 33925 87734 78695 99482 30574 66659 86053 34260 82970 38881 23905 98610 70709 1815 40784 34079 77282 37040 69755 55016 26922 9169 68368 68411 88620 33477 12599 93262 86340 41747 72901 77057 37007 91115 35474 24312 30744 65962 4053 11128 36112 2717 50969 6902 1424 32335 52789 42234 87247 49007 81398 74848 40971 49128 71304 21039 93583 43939 93638 655 38259 35941 81193 87382 47680 20310 42711 40359 5092 38924 67067 28800 19938 59170 83112 18840 36270 65215 4742 16084 5122 41641 11997 51404 41624 42566 8969 31497 57697 43230 92927 43433 81171 31746 39146 42476 69790 30227 98331 66247 29926 34472 39197 37689 63815 55223 60389 40672 99484 51605 49602 98523 73582 71490 54053 60434 48944 4556 7586 25815 44620 65711 68541 7847 20333 95536 14051 92751 1032 74461 47815 6066 71684 68250 48703 3266 36465 44865 73500 80029 90776 60999 20514 25283 60578 72332 46934 50308 76909 33932 30911 82218 75258 45376 68937 76876 20336 31895 13924 31839 28412 99393 31905 17062 27753 90766 86632 37926 9620 57562 4887 72062 28004 13047 47776 99224 90196 39525 7374 70969 
561 197
98181 52021 76310 60398 54231 63601 24213 88349 81955 94165 56097 62903 84689 30308 67587 76118 25878 34829 82667 48482 16584 6301 51788 67093 17776 26174 77552 95316 98312 68192 26007 79042 18774 81117 38506 39306 34266 13980 95366 16293 86459 9030 97669 98442 92633 80695 95470 27459 57403 15998 47730 21181 59013 9033 57751 30860 22266 24348 53966 82520 12870 50498 15976 73657 83805 10101 81534 87504 15710 59178 95432 72586 33788 56270 48171 57077 68408 36925 93090 23056 13064 11205 89457 15539 69235 95947 81590 73175 33457 92033 65414 75062 40294 16475 83938 30648 30659 50378 80393 7393 14487 80645 11696 37601 87331 87641 37036 30411 5394 19536 78069 64872 13745 70944 43296 71379 30772 21566 41184 19360 25310 80421 22972 15087 37972 21604 84313 23354 56269 23469 74284 74146 46478 93174 9846 3831 44795 8788 57465 92632 32204 6258 5678 97159 93725 37517 43210 56322 77531 68871 1827 97297 1343 81945 73365 53374 27034 94389 71836 38858 15310 52843 14437 15064 3695 99296 53822 26209 92974 22424 74344 36938 20997 95411 72547 99882 9376 44123 57582 64427 83623 5924 20506 53811 32522 30208 20351 72937 81884 4234 84371 66317 48870 32268 31129 36540 94221 
