40
534 2
1554 7894 
528 4
99960 14318 97793 58772 
526 7
71817 15803 10286 5755 9305 15241 21704 
552 12
26350 64790 19646 43328 94290 25992 55545 95124 49661 9877 47379 37990 
525 17
84405 98414 45491 12028 27736 88835 20508 19105 77856 26348 26061 54018 8548 66312 77684 92735 74412 
541 17
96782 59810 93418 30209 93491 73074 43135 62190 24930 53375 1339 54475 80208 27260 65129 34813 51843 
524 20
65937 1395 99787 73758 13338 86254 11117 62710 5714 91657 79188 49579 13298 1661 26317 25792 11057 99888 53518 57744 
523 26
48005 6670 5996 32338 46326 3294 30264 11374 78220 91746 2984 47915 78154 17908 91597 96574 71393 65436 6494 23731 51369 532 9928 30029 70119 59966 
565 27
47926 18298 59448 21867 99859 28502 2500 11011 81791 73215 49006 96649 46138 23335 11480 9327 7647 55720 82707 17779 54181 44973 86886 15498 77673 34974 68289 
579 35
75426 39654 829 15484 71505 65205 59896 76356 70086 48049 7212 53885 99724 95590 78007 12094 77313 52560 98731 99314 38075 26399 28072 97285 17865 62861 78716 78263 58451 92819 79989 56327 67396 26899 13787 
513 42
28539 85922 35187 94541 2438 55487 13284 77811 37784 92211 33501 94058 4085 87259 87544 53598 34712 88894 62331 37175 75111 25772 17685 67827 47538 3706 50500 95217 92291 79389 76549 92674 94229 25925 71706 90824 91762 40231 91741 89356 48537 95742 
511 49
27618 28567 23999 33118 67832 52754 50258 99608 45851 54480 93043 68971 69355 35136 83453 55684 65576 51912 87104 79547 37037 12613 30934 48254 31174 65853 29042 49647 85961 2177 90009 84905 31553 547 99324 8124 3893 18614 61999 88880 74011 51200 65977 17134 55438 87934 9575 45953 3981 
509 53
6419 23125 84440 87330 89995 16036 14297 71375 79021 35996 4105 27982 53314 98993 65949 75847 87705 45134 23756 61470 61590 86921 80408 34567 45635 8967 70941 60901 94265 66560 88534 97429 25680 26391 70239 31556 28000 4861 57993 37959 81552 10632 28385 48377 60284 29334 13289 58551 77792 27815 93497 62979 81516 
508 55
48412 42797 56933 90852 65341 35398 16393 99178 46487 60019 89654 79658 82534 78072 17361 70459 79700 23898 4621 38244 7589 5837 20564 72535 48031 40167 42128 12202 60942 8470 956 74083 32502 69400 94796 53212 75419 83537 19401 66820 27416 47559 47373 27001 80805 73562 42949 17739 90045 99751 97743 53292 1955 38811 13864 
507 59
9005 41466 45077 47401 87529 20040 44486 13741 52091 62009 60441 77010 14917 36317 29307 17927 9006 46741 12323 33891 56222 47906 20383 54422 14680 80991 87360 63138 55290 68071 47590 92091 7114 17373 57392 35034 89802 98761 57426 456 90283 18570 64428 56296 11185 7546 17550 41075 58098 41748 41197 6874 87801 94834 91444 20353 28840 27934 57456 
503 65
30100 37681 56830 8287 7746 74531 11111 10288 59610 17367 64392 19822 11901 75331 77393 39290 79795 33970 36754 20428 97461 63827 83171 9129 58547 52361 41111 13870 58583 20286 76452 65637 20671 87200 10801 39038 45984 17388 83078 66802 79919 91811 59801 31114 27553 10887 22895 60805 93948 12199 46658 68540 92407 90329 29578 23339 65713 38102 5980 58001 4569 18125 43696 88468 96156 
573 66
53158 72699 9592 98424 23275 25218 13366 35022 37813 56629 39338 64654 92018 2159 18604 68227 66812 76974 57694 31586 91284 17565 47816 79926 9867 44359 25381 61291 64775 54060 8043 78035 86124 260 25908 28458 3736 3850 36684 44368 71723 40908 55011 46210 15343 53740 85806 62421 85698 48504 44458 2321 28243 36821 79304 92497 29048 87090 87131 23447 31312 62464 50772 67446 72869 20684 
502 69
39988 30252 44679 62676 4739 27680 88113 2586 16087 44200 38463 92938 36170 22455 39410 52832 49173 13613 72941 43755 41780 29607 60267 7774 77893 43075 61671 22302 21656 66512 82028 48970 54262 42114 26301 49643 44529 46760 89348 1038 4633 50757 66330 39658 94221 87009 55568 59294 70685 80571 32956 16359 99016 97713 43493 70381 17933 27140 21168 18401 78020 30420 3829 86166 24358 70580 46985 46449 10293 
501 74
46009 25835 42480 86616 46418 14674 28490 37952 79418 96115 80737 8655 33978 86809 39820 14915 87745 44895 71784 96950 16227 28391 63533 12853 44857 68180 84997 32834 79484 42540 81989 26290 27713 14733 86505 88607 67522 52649 67292 70758 71146 57921 96631 44076 69464 81933 60283 55203 60861 37856 21998 87664 39121 87405 27878 81478 10862 96212 60855 47355 40721 81494 52806 34456 68669 12688 83923 96601 41224 93812 4948 94606 33259 54773 
500 78
58948 31590 91042 74716 51705 27108 53252 9982 81776 36951 9422 76856 88512 80607 71621 55735 15377 39748 58000 35231 43548 23295 18300 87717 16668 13697 33097 76222 49352 69984 90284 54072 79225 3106 37833 42468 89557 46180 15357 99284 47595 64971 25977 89437 63722 95682 38686 33453 41149 6093 67299 93630 63458 84071 62771 37575 64458 66955 92374 56698 70396 32101 4974 94072 14412 60121 42881 91920 45344 65585 52866 35170 22537 55963 35072 99102 58632 80828 
499 80
42834 64635 15780 26683 69420 28452 61213 75251 81419 46446 95273 95436 37294 90681 10793 67427 75284 23063 49317 96893 23387 77474 51079 98519 92338 53033 26657 98366 82351 69502 69971 77125 16891 88225 62943 68959 36955 96796 85420 90907 83472 6279 47004 79494 19937 25170 42703 96503 2462 51098 56991 66102 7337 10026 21132 44006 60821 60282 24863 17175 6832 16584 63774 50333 55356 20736 7764 54757 42929 28811 43873 54590 25787 55819 12115 79709 87174 588 59653 26086 
543 82
27483 42390 31796 74405 53273 76598 78396 86194 96765 86106 94869 61871 13407 65598 28654 64333 41991 86666 88955 89146 14231 44063 64296 49790 38908 71044 7484 39501 6504 11025 73725 15994 71366 97167 41289 20723 78849 67358 67616 79101 62895 29010 38055 49937 22633 10780 29869 85452 15418 50603 19175 32046 98912 76558 14341 26245 18836 43535 89347 14828 36876 91282 96285 10591 96475 22171 31587 12827 55125 68320 92396 74965 39656 80056 81715 4261 18193 95076 55936 69160 92690 1263 
514 86
39123 59431 57527 828 14304 45814 66469 37469 67397 72959 34847 6556 95381 46545 53155 46955 55977 57900 43838 36660 50234 32040 71562 53921 83160 41046 31936 69427 4492 9285 21286 31583 68961 71168 4283 16352 26496 49826 75669 13057 60485 60731 55552 58875 96253 64389 84598 47436 95566 49341 7790 60957 94948 19211 67507 85406 89397 98941 62160 69049 63102 89362 22188 20796 95885 41306 49349 41023 7757 42573 75695 20776 93707 25058 79090 83660 73694 48221 31199 33386 5797 98879 29178 46942 86524 89633 
577 90
8296 50808 43968 22310 20682 39891 24625 73444 72748 97734 86603 41487 52760 63435 92441 4803 89058 60881 73299 68172 99854 19449 85931 41470 76295 57856 20701 55822 30435 75533 49418 93990 64947 69374 37616 14783 18249 34552 30679 32539 40242 32647 35262 79605 88422 40321 97201 23637 51582 13791 7440 5844 33177 45505 54568 60361 52926 16326 34545 14543 41134 10727 668 32561 39281 61605 26770 55451 98777 55923 97312 30318 7960 97864 26417 85091 15632 77012 18460 75712 4432 81739 37805 64798 81265 27671 5683 30466 21813 20614 
576 92
3270 16566 48241 74080 19579 53641 90595 81869 21553 11199 1703 95410 60365 85057 69584 91341 40921 73605 98533 12454 31224 48852 92671 33764 84911 11019 98906 54097 26811 57355 10488 75558 3000 64132 6863 35493 32139 83836 57972 78108 7024 9943 36544 5858 78801 99765 93305 65500 39637 93834 62241 9555 55747 36892 42430 46605 84791 80660 84570 92492 67122 21392 48331 96767 84751 61864 76624 71887 42339 10182 41404 69546 92070 45237 96315 87625 32127 61891 93186 30390 19085 78329 35632 35662 69913 57143 40617 14861 50591 80503 95621 99904 
574 100
22941 51502 13249 10580 28388 41120 96306 8884 3081 86446 50268 25422 23574 58706 92844 2748 86549 40722 67506 44839 11655 33656 39722 73642 8304 31487 87419 13138 38361 35940 24223 79835 23253 91041 30249 26736 10910 95897 64468 98734 82601 73285 84504 40121 40459 6866 51163 78969 2929 2611 56919 83184 41602 14168 65069 6958 19523 99053 61069 48088 87525 5697 9493 52672 25742 44553 9202 11800 43175 26730 34753 36445 65817 17165 84539 20673 10260 69367 81403 58147 24881 36152 9610 67102 43710 85421 50324 80803 85583 30579 81084 76808 18076 73740 23152 31769 98670 81185 55730 55158 
572 115
35501 79260 24138 9819 78742 78629 47951 13168 95893 11161 49504 65773 87 26976 75339 73988 19190 71956 16578 38446 15712 56326 85951 67587 53679 32806 60430 55898 15573 67058 68444 83973 23026 45991 56998 2654 3987 15389 26031 55844 66259 23190 14890 86789 85578 99962 97614 38687 4451 4346 4460 32608 77433 1227 8228 84850 98955 18338 8581 74197 73596 55276 14631 83861 9399 84528 86219 76439 9002 84659 76896 95722 51531 30070 67072 51100 37974 29372 80203 37263 96121 54014 55005 83481 45877 7924 67992 29103 81699 72784 84824 62574 80221 86593 78562 61097 39450 54770 71302 28758 74377 62758 81017 44082 23979 70765 1446 68133 22883 74454 53762 13061 54863 9429 2799 
568 119
35409 97610 78011 79412 1524 36874 95876 48062 90409 61333 38232 6420 93810 32086 40920 10023 88934 52745 17404 72491 31756 68724 9262 76206 32639 71193 19923 83392 32627 75002 61147 85901 34716 34475 41246 88904 42766 36834 24245 4509 33423 91246 1638 38286 54298 20340 30237 40422 33281 22824 6511 38201 44559 95414 32556 42308 68272 7294 11520 81342 55430 48706 57944 85079 73568 70813 63681 46199 68783 42510 39875 22882 33195 28878 38379 33843 37738 6562 74937 48960 55613 19073 7701 95197 93949 75152 26911 97125 53934 44310 16727 54350 58871 59814 12639 74626 37130 42121 49275 34149 1866 5804 99373 89382 17579 89754 75346 12911 75069 67285 8491 2802 52190 49028 74028 89901 29583 2728 83977 
567 124
52394 76443 98420 79863 20322 61114 91112 5749 96182 33033 42356 84783 62042 52219 67781 21677 21557 2892 55766 51871 92215 44013 7714 36087 73062 47339 59813 2782 6322 2388 15383 97756 61448 67574 23192 57452 80424 39055 84381 46550 82163 62746 1364 6548 98901 34772 75474 96535 88840 91506 19119 56340 87951 60277 69440 68275 78598 96815 86366 87926 69302 18487 99546 42276 28939 83312 82523 22083 40395 7554 84713 41910 83391 17821 91665 3246 86 30302 8667 43921 11739 50792 92045 83473 54878 13851 86652 18761 67550 69443 70710 89270 79058 29343 34901 53906 21421 80078 63160 44440 2707 15257 85159 49054 99029 70250 78861 18708 67503 40548 84278 87363 19374 19570 98310 15786 13854 74762 36636 28575 93350 47065 58716 78037 
540 126
6157 22813 21461 6493 28228 47601 8783 44435 36376 15464 81155 2570 95657 89303 79723 31155 30414 54201 62284 45127 37846 22073 35929 37104 58795 46151 81230 63813 74992 89114 86064 95283 86191 4506 20113 31451 27677 23996 66402 61842 45631 86466 94264 11756 80257 77756 97338 8461 97571 16945 45087 11362 33185 76150 15422 51964 24954 22301 35575 73806 88112 16242 47483 11824 25449 2004 1445 29554 56875 40780 50615 78455 63889 98617 6154 69174 33688 75451 30587 22405 52485 64283 34211 25217 94744 51148 51427 3253 41026 11478 20540 85704 20739 66750 45040 57881 43732 3973 59134 15401 17511 85970 73606 40386 25356 10106 33450 22070 73696 48360 66352 54147 35513 63632 14875 42709 10657 32783 6955 41091 10017 66906 68399 55331 29741 93470 
563 133
19700 93375 73120 5259 37992 54041 73780 11441 62974 29000 19775 12769 70708 76800 26281 28793 38156 29528 21997 15796 8583 54282 88748 73333 2760 78678 97145 32574 92843 53007 33431 18767 97132 50691 40447 42341 51869 67189 74755 66376 24989 28406 81264 21584 81038 21568 25943 44641 10498 81127 21982 56072 43490 30188 36837 72655 63296 79986 76560 67353 86473 54829 71300 49313 82348 79300 29701 47771 57906 91140 85506 26548 85662 70158 42460 77447 11820 57078 57605 27490 32690 59664 54250 96291 72817 96862 45226 70219 73348 23150 80877 46591 52546 23237 57270 43669 42080 73715 8181 2562 2398 64673 46718 42219 80094 46929 12528 84273 61395 3964 98705 72439 21026 22572 54004 67712 15462 58905 6568 42639 49605 9304 6430 26972 8231 60247 3235 80814 38233 31336 90516 11767 98518 
562 135
53614 91293 58837 95679 86788 83803 8244 14619 5376 87867 76183 73579 95417 21627 74408 15363 52422 85807 67499 66529 40398 21537 78548 67930 51787 17530 61354 27804 17154 8463 38555 75854 24409 66916 59259 9663 89308 2817 33250 50785 63463 82443 29197 83800 13921 21420 17073 34867 24585 32766 68591 75130 43154 91955 48141 26402 24531 51281 55794 37971 22997 65300 8277 5530 79496 7339 27376 46752 73915 46400 63553 2485 64102 18932 2725 38818 77366 13815 20248 27606 15676 17265 14082 2815 7470 71423 37019 10860 48130 24822 42299 1475 45589 37056 67599 71085 63735 76393 28327 98107 59689 67488 56047 47417 59600 42436 82665 70542 20984 67393 54027 14646 4148 96429 91669 19271 92413 41772 72732 90817 32457 59770 44888 65650 92971 46279 31688 99065 67591 49738 26002 23189 57528 43406 24526 
560 144
90938 52013 67096 59326 82319 5506 20059 68343 11762 60481 96201 30680 56892 33027 59690 48658 16683 6983 84438 83270 52489 60682 14136 16895 1258 50464 93426 31460 80340 39791 29051 25914 99272 53863 1856 9109 28431 45683 72291 53579 83926 55813 40397 94995 9541 93902 7944 83844 40829 63875 35722 98818 64197 93934 44445 49754 57589 65373 74314 26568 72251 47000 83081 54692 77977 32826 94925 78720 2051 9596 5703 94849 7467 72483 204 5301 30833 60381 95256 64630 49921 10406 46553 4692 6645 36011 7603 1319 74297 40813 23576 90692 14652 10185 90548 37843 36504 43092 53985 62995 92213 75690 87656 60557 4080 21809 34735 31995 29177 18269 1783 33235 95218 68489 42031 4990 98985 18450 81169 75280 81696 6427 33565 89623 71400 1389 16671 43318 34589 91971 63260 93071 18231 93423 21699 50822 1793 42421 1976 94989 19688 65132 8322 96330 
558 149
70524 32316 25525 80053 48567 66401 76722 1651 49970 54886 89927 34269 37082 10948 73571 23813 52140 2027 59433 43076 82090 41440 95428 83466 14512 58213 43326 84312 32714 43586 56913 41272 80823 56549 40796 59545 58133 5739 47473 18626 29296 99468 43449 74395 42016 25678 16860 52714 78342 87695 40063 97178 45910 41677 12205 8283 59034 96194 55415 56003 36362 13650 91759 59785 12227 45474 95371 2754 85963 66064 70425 25025 58609 68355 5410 78818 96173 65634 8559 22294 11219 13291 67661 77965 6973 9875 98049 46998 91210 856 6456 90709 99198 13846 48281 31353 24053 18941 60091 48206 93143 31370 21362 58460 75699 92145 5067 82245 79854 50958 46768 77173 61149 12208 55803 85749 51615 6217 64628 38096 29084 12073 42577 67910 46510 45722 20945 52968 45329 70771 24807 61428 85629 42482 76806 84991 57802 73667 51790 50195 4376 9553 14234 7811 14189 87325 98771 87015 23902 
556 155
32626 81068 35361 78066 80962 94639 82273 73545 30711 37492 10691 42978 70879 25066 74356 89945 98802 19132 70021 60088 72945 29698 26842 45587 44031 38830 97709 51204 36694 88724 90250 47984 86830 1482 63000 18286 16660 64433 13329 18949 76743 10140 68238 23548 55343 92199 34763 14255 40975 62017 22719 77783 70649 21502 55048 32879 36426 15965 3208 91303 11274 87950 74901 3158 91447 31465 70347 12898 87244 73124 62333 77532 93736 36133 66513 36352 47427 60526 74144 23005 62140 87863 21694 8471 55643 12440 68865 30517 16633 43959 98340 57083 90851 77257 77669 58666 41846 72595 11620 61167 25629 67812 72973 76390 74592 62845 64764 79091 7279 221 40512 17355 40142 55489 72166 51081 32307 39259 49371 51891 12694 18183 59991 99876 89445 96757 53688 88273 77227 77484 66426 60749 58855 85413 85364 11935 56729 72666 67162 9017 70836 4928 92762 93147 48721 53175 87057 56585 3295 45075 38630 8159 20502 81115 23345 
555 157
27073 49808 45506 62157 13786 292 1859 6316 81449 8937 55925 8272 40648 17670 1603 2425 87305 29647 52563 88143 80533 21369 11675 70499 98943 71394 80751 42802 30491 96721 25336 2222 18400 83039 62932 56714 50208 20104 54106 38506 19343 85706 24905 79890 93620 22592 89144 29984 76374 13967 94750 79610 75887 92999 43458 48713 81441 78697 71654 62239 12950 23796 1774 94347 48895 38487 78855 99038 61212 11952 71552 11687 41329 65101 5561 75792 12734 53370 27872 44317 19899 66050 97951 65310 18650 42857 3182 21127 85953 10302 39669 60830 8899 81036 6149 73164 22406 92161 35176 58267 15202 70480 28684 18595 95086 93153 96085 92137 25319 22010 35065 44065 42305 1424 5108 11069 5585 59904 19727 72605 38541 84657 41555 91229 87741 89247 47441 42819 80930 16480 85943 10431 18725 69079 21098 69211 25987 82529 7845 56952 94712 96552 71208 74683 23677 18432 56428 7229 68900 18768 79701 40037 94180 33285 25555 89539 11723 
547 164
50583 64299 63606 12737 76112 13654 31001 87437 80315 60799 57718 90515 80884 798 74249 59907 79644 56509 20239 39535 22013 92667 2963 95446 60851 3036 73278 97733 46892 57391 84637 5695 53698 5840 81584 98320 57304 60451 21338 64542 90174 96938 70557 25049 66170 83296 59685 46242 57816 76164 95726 54192 16804 18117 75183 73179 37451 71809 74819 64524 98381 75554 4400 88280 4510 31265 60098 82917 31656 35943 24547 83097 79866 31409 4158 43964 50856 54956 15841 56904 5479 31943 82548 42254 67577 64037 53756 2601 3337 98431 79474 67855 44451 55895 12238 19272 52660 6826 67756 36502 47 38035 70814 21933 23722 5415 34851 61668 58673 48050 82153 98825 81579 16409 77686 55133 41639 63372 30619 31323 7689 70264 16768 66224 28549 25698 20271 27240 58240 30263 8018 99580 85045 17365 48547 32426 26813 89461 39447 47869 36697 48639 23535 21154 63770 85459 76065 49035 43793 70833 51170 79868 65387 13157 72645 82969 38677 19209 39927 62083 38716 43280 27038 82105 
546 174
6100 32846 70121 70812 19692 94007 67092 7026 16054 48363 97675 5266 41021 52861 13307 33849 70845 93446 80789 52096 82733 51952 8849 27633 99 17510 87945 60648 2172 62016 69083 87838 72098 21281 24467 64194 82538 31632 34897 93525 47227 95261 44348 44759 47757 63788 75563 89140 18089 68545 97884 47822 72506 14719 12095 70518 72733 58328 15956 90041 73495 23828 1409 7678 47182 92107 50460 52627 76082 22146 69052 35765 41310 79857 2850 665 10009 88521 44272 52691 74548 42828 22020 14634 65730 52082 62474 61023 99588 6654 54500 40586 11727 60142 77029 53167 9320 42150 54281 48548 5459 59543 75042 4688 94122 96688 56474 5961 78703 57062 78473 78607 59465 30948 54255 14188 29942 47183 56050 83567 72621 61656 84545 10152 36740 38841 68341 91589 19302 94191 33930 98294 20323 40375 76579 42542 97020 48849 20656 36219 82168 83247 66184 56964 64350 38575 15762 76399 97597 32194 66377 3093 60880 15274 9368 85576 54428 93175 17729 76527 23062 86065 38213 558 74606 44892 27051 20744 94992 89248 528 18032 34021 90659 
545 183
27753 45696 48703 86319 12599 7586 92751 46726 61786 93638 16971 50817 91115 89439 19583 24376 28051 66247 95536 60949 75194 1512 43488 2426 11897 21731 86053 46467 30227 88852 6902 53786 89663 55850 47138 11997 80177 78835 83254 73582 25262 84475 4270 34079 54882 38924 43197 99106 69448 889 89980 817 65711 86122 45370 21039 40350 72711 57697 62760 36402 88811 43775 79998 12540 29674 97967 9785 98014 73017 1305 20333 4013 10653 28846 70709 33433 54031 24636 92475 19536 14271 37689 27821 60389 59951 24940 57292 88577 9169 74675 91691 48944 80661 71651 36465 46381 87734 83967 63815 10091 7036 31905 4354 73901 74848 90196 98331 68057 67596 35941 21116 79210 44311 15794 39084 76909 80242 48066 41660 23480 68411 71123 91767 35002 64604 58958 68927 98582 73578 78150 67978 15537 41494 14570 30637 99005 11128 80052 42520 81411 40784 82257 66404 28800 3942 30911 18322 45820 50496 4556 62390 270 99224 97785 45812 2040 72332 18840 7374 8928 20469 54053 93860 86541 28893 13149 55028 82826 25912 10881 11333 37352 63437 84307 72901 5654 41624 9263 88712 20336 40030 9420 
561 197
75062 3695 71911 60095 81945 83805 49098 80393 19849 5280 72836 45142 10923 9846 44795 17921 26029 44119 57751 44123 71836 21440 13745 36925 56322 12998 37036 56937 71379 95708 77552 83980 64427 95470 62784 51788 78069 7178 43210 39306 2477 82456 84313 27683 87504 38029 74169 15976 45152 71491 37140 75163 5394 16905 80668 18989 30648 42004 12594 81590 70335 81955 6173 96179 60246 98312 38858 76740 15710 91843 6258 13364 33457 24995 95411 64872 33592 7360 59451 40610 98881 20808 31732 25286 59837 95316 6540 90672 41136 36540 37601 34266 27559 95432 81534 72304 40407 59178 50378 92813 76446 89220 74284 33482 22222 9040 80645 80248 74344 74029 80695 1827 36938 70629 79472 88349 57077 87885 98181 48870 33788 36305 32979 38611 28275 96299 77551 94389 12145 21181 9820 93090 95988 20351 36760 2124 80099 25878 81160 27652 2403 93838 59986 72547 87331 25310 53811 20816 50498 22972 64737 56269 80421 7113 2384 70112 79626 95947 60207 23285 7962 92191 49083 30512 30411 44843 57582 43078 20670 81117 76409 11205 85291 83518 82216 11696 69235 17539 70365 9535 31024 53822 2539 23354 48552 70231 95669 5678 47679 95615 10031 97669 95663 82667 97759 30659 30860 
